/ncsu/synopsys2014/syn/auxx/gui/dv/dv_setup.tcl
/ncsu/synopsys2014/syn/auxx/gui/syn/snpsSynProcs.tcl
/ncsu/synopsys2014/syn/auxx/tcllib/lib/tcl8.5/tm.tcl
/ncsu/synopsys2014/syn/auxx/tcllib/lib/tcl8.5/package.tcl
/ncsu/synopsys2014/syn/auxx/gui/syn/layout/pkgIndex.tcl
/ncsu/synopsys2014/syn/auxx/gui/common/WindowFrameWork/pkgIndex.tcl
/ncsu/synopsys2014/syn/auxx/gui/common/acg/pkgIndex.tcl
/ncsu/synopsys2014/syn/auxx/gui/common/commandform/pkgIndex.tcl
/ncsu/synopsys2014/syn/auxx/gui/common/dialogs/pkgIndex.tcl
/ncsu/synopsys2014/syn/auxx/gui/common/docBrowser/pkgIndex.tcl
/ncsu/synopsys2014/syn/auxx/gui/common/fanoutviewer/pkgIndex.tcl
/ncsu/synopsys2014/syn/auxx/gui/common/hierarchy/pkgIndex.tcl
/ncsu/synopsys2014/syn/auxx/gui/common/highlight/pkgIndex.tcl
/ncsu/synopsys2014/syn/auxx/gui/common/histogram/pkgIndex.tcl
/ncsu/synopsys2014/syn/auxx/gui/common/layout/pkgIndex.tcl
/ncsu/synopsys2014/syn/auxx/gui/common/libviewer/pkgIndex.tcl
/ncsu/synopsys2014/syn/auxx/gui/common/menus/pkgIndex.tcl
/ncsu/synopsys2014/syn/auxx/gui/common/misc/pkgIndex.tcl
/ncsu/synopsys2014/syn/auxx/gui/common/mrupalette/pkgIndex.tcl
/ncsu/synopsys2014/syn/auxx/gui/common/opdlg/pkgIndex.tcl
/ncsu/synopsys2014/syn/auxx/gui/common/palettegroup/pkgIndex.tcl
/ncsu/synopsys2014/syn/auxx/gui/common/pathinspector/pkgIndex.tcl
/ncsu/synopsys2014/syn/auxx/gui/common/profiler/pkgIndex.tcl
/ncsu/synopsys2014/syn/auxx/gui/common/qtcl/pkgIndex.tcl
/ncsu/synopsys2014/syn/auxx/gui/common/regressionToolkit/pkgIndex.tcl
/ncsu/synopsys2014/syn/auxx/gui/common/schematic/pkgIndex.tcl
/ncsu/synopsys2014/syn/auxx/gui/common/select/pkgIndex.tcl
/ncsu/synopsys2014/syn/auxx/gui/common/setup/pkgIndex.tcl
/ncsu/synopsys2014/syn/auxx/gui/common/strokes/pkgIndex.tcl
/ncsu/synopsys2014/syn/auxx/gui/common/table/pkgIndex.tcl
/ncsu/synopsys2014/syn/auxx/gui/common/tcl-dp/pkgIndex.tcl
/ncsu/synopsys2014/syn/auxx/gui/common/tiledview/pkgIndex.tcl
/ncsu/synopsys2014/syn/auxx/gui/common/timing/pkgIndex.tcl
/ncsu/synopsys2014/syn/auxx/gui/common/tq/pkgIndex.tcl
/ncsu/synopsys2014/syn/auxx/gui/common/view/pkgIndex.tcl
/ncsu/synopsys2014/syn/auxx/gui/dv/pkgIndex.tcl
/ncsu/synopsys2014/syn/auxx/tcllib/snps_tcl/snpsTclPro/pkgIndex.tcl
/ncsu/synopsys2014/syn/auxx/tcllib/snps_tcl/snpsTest/pkgIndex.tcl
/ncsu/synopsys2014/syn/auxx/tcllib/snps_tcl/snpsUtils/pkgIndex.tcl
/ncsu/synopsys2014/syn/auxx/tcllib/snps_tcl/pkgIndex.tcl
/ncsu/synopsys2014/syn/auxx/tcllib/lib/tcl8.5/dde/pkgIndex.tcl
/ncsu/synopsys2014/syn/auxx/tcllib/lib/tcl8.5/http/pkgIndex.tcl
/ncsu/synopsys2014/syn/auxx/tcllib/lib/tcl8.5/http1.0/pkgIndex.tcl
/ncsu/synopsys2014/syn/auxx/tcllib/lib/tcl8.5/msgcat/pkgIndex.tcl
/ncsu/synopsys2014/syn/auxx/tcllib/lib/tcl8.5/opt/pkgIndex.tcl
/ncsu/synopsys2014/syn/auxx/tcllib/lib/tcl8.5/platform/pkgIndex.tcl
/ncsu/synopsys2014/syn/auxx/tcllib/lib/tcl8.5/reg/pkgIndex.tcl
/ncsu/synopsys2014/syn/auxx/tcllib/lib/tcl8.5/tcltest/pkgIndex.tcl
/ncsu/synopsys2014/syn/auxx/gui/common/setup/snpsCommonSetup.tcl
/ncsu/synopsys2014/syn/auxx/gui/common/setup/snpsCustomize.tcl
/ncsu/synopsys2014/syn/auxx/gui/common/setup/snpsProcheck.tcl
/ncsu/synopsys2014/syn/auxx/gui/common/qtcl/.synopsys_qtcl.tcl
/ncsu/synopsys2014/syn/auxx/gui/common/highlight/highlight.tcl
/ncsu/synopsys2014/syn/auxx/gui/common/misc/base.tcl
/ncsu/synopsys2014/syn/auxx/gui/common/misc/timing.tcl
/ncsu/synopsys2014/syn/auxx/gui/common/misc/setting.tcl
/ncsu/synopsys2014/syn/auxx/gui/common/misc/preset.tcl
/ncsu/synopsys2014/syn/auxx/gui/common/WindowFrameWork/windowFrameWork.tcl
/ncsu/synopsys2014/syn/auxx/gui/common/WindowFrameWork/skipBusyCursorCmdList.tcl
/ncsu/synopsys2014/syn/auxx/gui/common/docBrowser/docBrowser.tcl
/ncsu/synopsys2014/syn/auxx/tcllib/snps_tcl/snpsUtils/snpsUtils.tcl
/ncsu/synopsys2014/syn/auxx/gui/common/dialogs/ObjectChooser.tcl
/ncsu/synopsys2014/syn/auxx/gui/common/misc/DialogObjectChooser.tcl
/ncsu/synopsys2014/syn/auxx/gui/common/dialogs/HistBinInformation.tcl
/ncsu/synopsys2014/syn/auxx/gui/common/dialogs/HistBin1Information.tcl
/ncsu/synopsys2014/syn/auxx/gui/common/dialogs/BinsOnlyInformation.tcl
/ncsu/synopsys2014/syn/auxx/gui/common/dialogs/FileChooser.tcl
/ncsu/synopsys2014/syn/auxx/gui/common/dialogs/PathPinSimpleInfo.tcl
/ncsu/synopsys2014/syn/auxx/gui/common/dialogs/PathsBasicInfo.tcl
/ncsu/synopsys2014/syn/auxx/gui/common/dialogs/PathsBasicSimpleInfo.tcl
/ncsu/synopsys2014/syn/auxx/gui/common/dialogs/SlctOperationInfo.tcl
/ncsu/synopsys2014/syn/auxx/gui/common/dialogs/ObjectListInfo.tcl
/ncsu/synopsys2014/syn/auxx/gui/common/dialogs/FanInOutInfo.tcl
/ncsu/synopsys2014/syn/auxx/gui/common/dialogs/NumberOfLevelsChooser.tcl
/ncsu/synopsys2014/syn/auxx/gui/common/dialogs/WindowReuseInfo.tcl
/ncsu/synopsys2014/syn/auxx/gui/common/dialogs/ReportOutputOptionInfo.tcl
/ncsu/synopsys2014/syn/auxx/gui/common/setup/snpsCollections.tcl
/ncsu/synopsys2014/syn/auxx/gui/common/dialogs/CompileLinkDesign.tcl
/ncsu/synopsys2014/syn/auxx/gui/common/histogram/DialogEndpointSlack.tcl
/ncsu/synopsys2014/syn/auxx/gui/common/histogram/DialogPathsSlack.tcl
/ncsu/synopsys2014/syn/auxx/gui/common/histogram/DialogNetCapacitance.tcl
/ncsu/synopsys2014/syn/auxx/gui/common/schematic/DialogPathSchematicFanInOut.tcl
/ncsu/synopsys2014/syn/auxx/gui/common/schematic/DialogPathSchematicAddPaths.tcl
/ncsu/synopsys2014/syn/auxx/tcllib/lib/tk8.5/tk.tcl
/ncsu/synopsys2014/syn/auxx/tcllib/lib/tcl8.5/msgcat/msgcat.tcl
/ncsu/synopsys2014/syn/auxx/tcllib/lib/tk8.5/button.tcl
/ncsu/synopsys2014/syn/auxx/tcllib/lib/tk8.5/entry.tcl
/ncsu/synopsys2014/syn/auxx/tcllib/lib/tk8.5/listbox.tcl
/ncsu/synopsys2014/syn/auxx/tcllib/lib/tk8.5/menu.tcl
/ncsu/synopsys2014/syn/auxx/tcllib/lib/tk8.5/panedwindow.tcl
/ncsu/synopsys2014/syn/auxx/tcllib/lib/tk8.5/scale.tcl
/ncsu/synopsys2014/syn/auxx/tcllib/lib/tk8.5/scrlbar.tcl
/ncsu/synopsys2014/syn/auxx/tcllib/lib/tk8.5/spinbox.tcl
/ncsu/synopsys2014/syn/auxx/tcllib/lib/tk8.5/text.tcl
/ncsu/synopsys2014/syn/auxx/tcllib/lib/tk8.5/ttk/ttk.tcl
/ncsu/synopsys2014/syn/auxx/tcllib/lib/tk8.5/ttk/fonts.tcl
/ncsu/synopsys2014/syn/auxx/tcllib/lib/tk8.5/ttk/cursors.tcl
/ncsu/synopsys2014/syn/auxx/tcllib/lib/tk8.5/ttk/utils.tcl
/ncsu/synopsys2014/syn/auxx/tcllib/lib/tk8.5/ttk/button.tcl
/ncsu/synopsys2014/syn/auxx/tcllib/lib/tk8.5/ttk/menubutton.tcl
/ncsu/synopsys2014/syn/auxx/tcllib/lib/tk8.5/ttk/scrollbar.tcl
/ncsu/synopsys2014/syn/auxx/tcllib/lib/tk8.5/ttk/scale.tcl
/ncsu/synopsys2014/syn/auxx/tcllib/lib/tk8.5/ttk/progress.tcl
/ncsu/synopsys2014/syn/auxx/tcllib/lib/tk8.5/ttk/notebook.tcl
/ncsu/synopsys2014/syn/auxx/tcllib/lib/tk8.5/ttk/panedwindow.tcl
/ncsu/synopsys2014/syn/auxx/tcllib/lib/tk8.5/ttk/entry.tcl
/ncsu/synopsys2014/syn/auxx/tcllib/lib/tk8.5/ttk/combobox.tcl
/ncsu/synopsys2014/syn/auxx/tcllib/lib/tk8.5/ttk/spinbox.tcl
/ncsu/synopsys2014/syn/auxx/tcllib/lib/tk8.5/ttk/treeview.tcl
/ncsu/synopsys2014/syn/auxx/tcllib/lib/tk8.5/ttk/sizegrip.tcl
/ncsu/synopsys2014/syn/auxx/tcllib/lib/tk8.5/ttk/defaults.tcl
/ncsu/synopsys2014/syn/auxx/tcllib/lib/tk8.5/ttk/classicTheme.tcl
/ncsu/synopsys2014/syn/auxx/tcllib/lib/tk8.5/ttk/altTheme.tcl
/ncsu/synopsys2014/syn/auxx/tcllib/lib/tk8.5/ttk/clamTheme.tcl
/ncsu/synopsys2014/syn/auxx/tcllib/lib/tix8.4.3/Init.tcl
/ncsu/synopsys2014/syn/auxx/tcllib/lib/tix8.4.3/fs.tcl
/ncsu/synopsys2014/syn/auxx/tcllib/lib/tix8.4.3/Tix.tcl
/ncsu/synopsys2014/syn/auxx/tcllib/lib/tix8.4.3/Event.tcl
/ncsu/synopsys2014/syn/auxx/tcllib/lib/tix8.4.3/Balloon.tcl
/ncsu/synopsys2014/syn/auxx/tcllib/lib/tix8.4.3/BtnBox.tcl
/ncsu/synopsys2014/syn/auxx/tcllib/lib/tix8.4.3/CObjView.tcl
/ncsu/synopsys2014/syn/auxx/tcllib/lib/tix8.4.3/ChkList.tcl
/ncsu/synopsys2014/syn/auxx/tcllib/lib/tix8.4.3/ComboBox.tcl
/ncsu/synopsys2014/syn/auxx/tcllib/lib/tk8.5/unsupported.tcl
/ncsu/synopsys2014/syn/auxx/tcllib/lib/tix8.4.3/Compat.tcl
/ncsu/synopsys2014/syn/auxx/tcllib/lib/tix8.4.3/Console.tcl
/ncsu/synopsys2014/syn/auxx/tcllib/lib/tix8.4.3/Control.tcl
/ncsu/synopsys2014/syn/auxx/tcllib/lib/tix8.4.3/DefSchm.tcl
/ncsu/synopsys2014/syn/auxx/tcllib/lib/tix8.4.3/DialogS.tcl
/ncsu/synopsys2014/syn/auxx/tcllib/lib/tix8.4.3/DirBox.tcl
/ncsu/synopsys2014/syn/auxx/tcllib/lib/tix8.4.3/DirDlg.tcl
/ncsu/synopsys2014/syn/auxx/tcllib/lib/tix8.4.3/DirList.tcl
/ncsu/synopsys2014/syn/auxx/tcllib/lib/tix8.4.3/DirTree.tcl
/ncsu/synopsys2014/syn/auxx/tcllib/lib/tix8.4.3/DragDrop.tcl
/ncsu/synopsys2014/syn/auxx/tcllib/lib/tix8.4.3/DtlList.tcl
/ncsu/synopsys2014/syn/auxx/tcllib/lib/tix8.4.3/EFileBox.tcl
/ncsu/synopsys2014/syn/auxx/tcllib/lib/tix8.4.3/EFileDlg.tcl
/ncsu/synopsys2014/syn/auxx/tcllib/lib/tix8.4.3/FileBox.tcl
/ncsu/synopsys2014/syn/auxx/tcllib/lib/tix8.4.3/FileCbx.tcl
/ncsu/synopsys2014/syn/auxx/tcllib/lib/tix8.4.3/FileDlg.tcl
/ncsu/synopsys2014/syn/auxx/tcllib/lib/tix8.4.3/FileEnt.tcl
/ncsu/synopsys2014/syn/auxx/tcllib/lib/tix8.4.3/FloatEnt.tcl
/ncsu/synopsys2014/syn/auxx/tcllib/lib/tix8.4.3/Grid.tcl
/ncsu/synopsys2014/syn/auxx/tcllib/lib/tix8.4.3/HList.tcl
/ncsu/synopsys2014/syn/auxx/tcllib/lib/tix8.4.3/HListDD.tcl
/ncsu/synopsys2014/syn/auxx/tcllib/lib/tix8.4.3/IconView.tcl
/ncsu/synopsys2014/syn/auxx/tcllib/lib/tix8.4.3/LabEntry.tcl
/ncsu/synopsys2014/syn/auxx/tcllib/lib/tix8.4.3/LabFrame.tcl
/ncsu/synopsys2014/syn/auxx/tcllib/lib/tix8.4.3/LabWidg.tcl
/ncsu/synopsys2014/syn/auxx/tcllib/lib/tix8.4.3/ListNBk.tcl
/ncsu/synopsys2014/syn/auxx/tcllib/lib/tix8.4.3/Meter.tcl
/ncsu/synopsys2014/syn/auxx/tcllib/lib/tix8.4.3/MultView.tcl
/ncsu/synopsys2014/syn/auxx/tcllib/lib/tix8.4.3/NoteBook.tcl
/ncsu/synopsys2014/syn/auxx/tcllib/lib/tix8.4.3/OldUtil.tcl
/ncsu/synopsys2014/syn/auxx/tcllib/lib/tix8.4.3/OptMenu.tcl
/ncsu/synopsys2014/syn/auxx/tcllib/lib/tix8.4.3/PanedWin.tcl
/ncsu/synopsys2014/syn/auxx/tcllib/lib/tix8.4.3/PopMenu.tcl
/ncsu/synopsys2014/syn/auxx/tcllib/lib/tix8.4.3/Primitiv.tcl
/ncsu/synopsys2014/syn/auxx/tcllib/lib/tix8.4.3/ResizeH.tcl
/ncsu/synopsys2014/syn/auxx/tcllib/lib/tix8.4.3/SGrid.tcl
/ncsu/synopsys2014/syn/auxx/tcllib/lib/tix8.4.3/SHList.tcl
/ncsu/synopsys2014/syn/auxx/tcllib/lib/tix8.4.3/SListBox.tcl
/ncsu/synopsys2014/syn/auxx/tcllib/lib/tix8.4.3/STList.tcl
/ncsu/synopsys2014/syn/auxx/tcllib/lib/tix8.4.3/SText.tcl
/ncsu/synopsys2014/syn/auxx/tcllib/lib/tix8.4.3/SWidget.tcl
/ncsu/synopsys2014/syn/auxx/tcllib/lib/tix8.4.3/SWindow.tcl
/ncsu/synopsys2014/syn/auxx/tcllib/lib/tix8.4.3/Select.tcl
/ncsu/synopsys2014/syn/auxx/tcllib/lib/tix8.4.3/Shell.tcl
/ncsu/synopsys2014/syn/auxx/tcllib/lib/tix8.4.3/SimpDlg.tcl
/ncsu/synopsys2014/syn/auxx/tcllib/lib/tix8.4.3/StackWin.tcl
/ncsu/synopsys2014/syn/auxx/tcllib/lib/tix8.4.3/StatBar.tcl
/ncsu/synopsys2014/syn/auxx/tcllib/lib/tix8.4.3/StdBBox.tcl
/ncsu/synopsys2014/syn/auxx/tcllib/lib/tix8.4.3/StdShell.tcl
/ncsu/synopsys2014/syn/auxx/tcllib/lib/tix8.4.3/TList.tcl
/ncsu/synopsys2014/syn/auxx/tcllib/lib/tix8.4.3/Tree.tcl
/ncsu/synopsys2014/syn/auxx/tcllib/lib/tix8.4.3/Utils.tcl
/ncsu/synopsys2014/syn/auxx/tcllib/lib/tix8.4.3/VResize.tcl
/ncsu/synopsys2014/syn/auxx/tcllib/lib/tix8.4.3/VStack.tcl
/ncsu/synopsys2014/syn/auxx/tcllib/lib/tix8.4.3/VTree.tcl
/ncsu/synopsys2014/syn/auxx/tcllib/lib/tix8.4.3/Variable.tcl
/ncsu/synopsys2014/syn/auxx/tcllib/lib/tix8.4.3/WInfo.tcl
/ncsu/synopsys2014/syn/auxx/gui/common/tq/snpsTkStyle.tcl
/ncsu/synopsys2014/syn/auxx/tcllib/lib/tk8.5/palette.tcl
/ncsu/synopsys2014/syn/auxx/gui/common/histogram/base.tcl
/ncsu/synopsys2014/syn/auxx/gui/common/profiler/base.tcl
/ncsu/synopsys2014/syn/auxx/gui/common/schematic/base.tcl
/ncsu/synopsys2014/syn/auxx/gui/common/select/baseInternal.tcl
/ncsu/synopsys2014/syn/auxx/gui/common/schematic/enable.tcl
/ncsu/synopsys2014/syn/auxx/gui/common/schematic/netlist.tcl
/ncsu/synopsys2014/syn/auxx/gui/common/schematic/method.tcl
/ncsu/synopsys2014/syn/auxx/gui/common/misc/createViewType.tcl
/ncsu/synopsys2014/syn/auxx/gui/common/misc/GuiMenuEnable.tcl
/ncsu/synopsys2014/syn/auxx/gui/common/menus/base.tcl
/ncsu/synopsys2014/syn/auxx/gui/common/libviewer/base.tcl
/ncsu/synopsys2014/syn/auxx/gui/common/misc/viewmgr.tcl
/ncsu/synopsys2014/syn/auxx/gui/common/pathinspector/base.tcl
/ncsu/synopsys2014/syn/auxx/gui/common/pathinspector/create_window_and_menu.tcl
/ncsu/synopsys2014/syn/auxx/gui/dv/dv_path_cat_view.tcl
/ncsu/synopsys2014/syn/auxx/gui/common/table/table.tcl
/ncsu/synopsys2014/syn/auxx/gui/common/table/table_internal.tcl
/ncsu/synopsys2014/syn/auxx/gui/common/misc/infotip.tcl
/ncsu/synopsys2014/syn/auxx/gui/common/misc/viewporthistory.tcl
/afs/eos.ncsu.edu/lockers/research/ece/wdavis/tech/nangate/NangateOpenCellLibrary_PDKv1_2_v2008_10/liberty/520/NangateOpenCellLibrary_PDKv1_2_v2008_10_slow_nldm.db
/ncsu/synopsys2014/syn/libraries/syn/dw_foundation.sldb
/ncsu/synopsys2014/syn/libraries/syn/gtech.db
/ncsu/synopsys2014/syn/libraries/syn/standard.sldb
/afs/unity.ncsu.edu/users/s/ssingh21/temp_proj/Comp1/fake_runv_final/Synth/arithController_1.v
/afs/unity.ncsu.edu/users/s/ssingh21/temp_proj/Comp1/fake_runv_final/Synth/arithController_1.v
/afs/unity.ncsu.edu/users/s/ssingh21/temp_proj/Comp1/fake_runv_final/Synth/decoder.v
/afs/unity.ncsu.edu/users/s/ssingh21/temp_proj/Comp1/fake_runv_final/Synth/decoder.v
/afs/unity.ncsu.edu/users/s/ssingh21/temp_proj/Comp1/fake_runv_final/Synth/EOF_reg.v
/afs/unity.ncsu.edu/users/s/ssingh21/temp_proj/Comp1/fake_runv_final/Synth/EOF_reg.v
/afs/unity.ncsu.edu/users/s/ssingh21/temp_proj/Comp1/fake_runv_final/Synth/Isched_2.v
/afs/unity.ncsu.edu/users/s/ssingh21/temp_proj/Comp1/fake_runv_final/Synth/Isched_2.v
/afs/unity.ncsu.edu/users/s/ssingh21/temp_proj/Comp1/fake_runv_final/Synth/MainArbiter_1.v
/afs/unity.ncsu.edu/users/s/ssingh21/temp_proj/Comp1/fake_runv_final/Synth/MainArbiter_1.v
/afs/unity.ncsu.edu/users/s/ssingh21/temp_proj/Comp1/fake_runv_final/Synth/pad_3.v
/afs/unity.ncsu.edu/users/s/ssingh21/temp_proj/Comp1/fake_runv_final/Synth/pad_3.v
/afs/unity.ncsu.edu/users/s/ssingh21/temp_proj/Comp1/fake_runv_final/Synth/selector.v
/afs/unity.ncsu.edu/users/s/ssingh21/temp_proj/Comp1/fake_runv_final/Synth/selector.v
/afs/unity.ncsu.edu/users/s/ssingh21/temp_proj/Comp1/fake_runv_final/Synth/sync.v
/afs/unity.ncsu.edu/users/s/ssingh21/temp_proj/Comp1/fake_runv_final/Synth/sync.v
/afs/unity.ncsu.edu/users/s/ssingh21/temp_proj/Comp1/fake_runv_final/Synth/syncAccum.v
/afs/unity.ncsu.edu/users/s/ssingh21/temp_proj/Comp1/fake_runv_final/Synth/syncAccum.v
/afs/unity.ncsu.edu/users/s/ssingh21/temp_proj/Comp1/fake_runv_final/Synth/syncDiv.v
/afs/unity.ncsu.edu/users/s/ssingh21/temp_proj/Comp1/fake_runv_final/Synth/syncDiv.v
/afs/unity.ncsu.edu/users/s/ssingh21/temp_proj/Comp1/fake_runv_final/Synth/syncMult.v
/afs/unity.ncsu.edu/users/s/ssingh21/temp_proj/Comp1/fake_runv_final/Synth/syncMult.v
/afs/unity.ncsu.edu/users/s/ssingh21/temp_proj/Comp1/fake_runv_final/Synth/tester_2.v
/afs/unity.ncsu.edu/users/s/ssingh21/temp_proj/Comp1/fake_runv_final/Synth/tester_2.v
/afs/unity.ncsu.edu/users/s/ssingh21/temp_proj/Comp1/fake_runv_final/Synth/tester_2.v
/afs/unity.ncsu.edu/users/s/ssingh21/temp_proj/Comp1/fake_runv_final/Synth/tester_2.v
/afs/unity.ncsu.edu/users/s/ssingh21/temp_proj/Comp1/fake_runv_final/Synth/tester_2.v
/afs/unity.ncsu.edu/users/s/ssingh21/temp_proj/Comp1/fake_runv_final/Synth/tester_2.v
/afs/unity.ncsu.edu/users/s/ssingh21/temp_proj/Comp1/fake_runv_final/Synth/tester_2.v
/afs/unity.ncsu.edu/users/s/ssingh21/temp_proj/Comp1/fake_runv_final/Synth/tester_2.v
/afs/unity.ncsu.edu/users/s/ssingh21/temp_proj/Comp1/fake_runv_final/Synth/tester_2.v
/afs/unity.ncsu.edu/users/s/ssingh21/temp_proj/Comp1/fake_runv_final/Synth/tester_2.v
/afs/unity.ncsu.edu/users/s/ssingh21/temp_proj/Comp1/fake_runv_final/Synth/tester_2.v
/afs/unity.ncsu.edu/users/s/ssingh21/temp_proj/Comp1/fake_runv_final/Synth/tester_2.v
/afs/unity.ncsu.edu/users/s/ssingh21/temp_proj/Comp1/fake_runv_final/Synth/update_1.v
/afs/unity.ncsu.edu/users/s/ssingh21/temp_proj/Comp1/fake_runv_final/Synth/update_1.v
/afs/unity.ncsu.edu/users/s/ssingh21/temp_proj/Comp1/fake_runv_final/Synth/update_2.v
/afs/unity.ncsu.edu/users/s/ssingh21/temp_proj/Comp1/fake_runv_final/Synth/update_2.v
/afs/unity.ncsu.edu/users/s/ssingh21/temp_proj/Comp1/fake_runv_final/Synth/update_3.v
/afs/unity.ncsu.edu/users/s/ssingh21/temp_proj/Comp1/fake_runv_final/Synth/update_3.v
/afs/unity.ncsu.edu/users/s/ssingh21/temp_proj/Comp1/fake_runv_final/Synth/update_3_1_3.v
/afs/unity.ncsu.edu/users/s/ssingh21/temp_proj/Comp1/fake_runv_final/Synth/update_3_1_3.v
/afs/unity.ncsu.edu/users/s/ssingh21/temp_proj/Comp1/fake_runv_final/Synth/update_3_1_3.v
/afs/unity.ncsu.edu/users/s/ssingh21/temp_proj/Comp1/fake_runv_final/Synth/update_3_1_3.v
/afs/unity.ncsu.edu/users/s/ssingh21/temp_proj/Comp1/fake_runv_final/Synth/v_arbiter.v
/afs/unity.ncsu.edu/users/s/ssingh21/temp_proj/Comp1/fake_runv_final/Synth/v_arbiter.v
/afs/unity.ncsu.edu/users/s/ssingh21/temp_proj/Comp1/fake_runv_final/Synth/v_sched.v
/afs/unity.ncsu.edu/users/s/ssingh21/temp_proj/Comp1/fake_runv_final/Synth/v_sched.v
/afs/unity.ncsu.edu/users/s/ssingh21/temp_proj/Comp1/fake_runv_final/Synth/write_enable.v
/afs/unity.ncsu.edu/users/s/ssingh21/temp_proj/Comp1/fake_runv_final/Synth/write_enable.v
/afs/unity.ncsu.edu/users/s/ssingh21/temp_proj/Comp1/fake_runv_final/Synth/v_sched.v
/afs/unity.ncsu.edu/users/s/ssingh21/temp_proj/Comp1/fake_runv_final/Synth/v_sched.v
/afs/unity.ncsu.edu/users/s/ssingh21/temp_proj/Comp1/fake_runv_final/Synth/write_enable.v
/afs/unity.ncsu.edu/users/s/ssingh21/temp_proj/Comp1/fake_runv_final/Synth/write_enable.v
/afs/unity.ncsu.edu/users/s/ssingh21/temp_proj/Comp1/fake_runv_final/Synth/write_enable.v
/afs/unity.ncsu.edu/users/s/ssingh21/temp_proj/Comp1/fake_runv_final/Synth/write_enable.v
/afs/unity.ncsu.edu/users/s/ssingh21/temp_proj/Comp1/fake_runv_final/Synth/y_arbiter.v
/afs/unity.ncsu.edu/users/s/ssingh21/temp_proj/Comp1/fake_runv_final/Synth/y_arbiter.v
/afs/unity.ncsu.edu/users/s/ssingh21/temp_proj/Comp1/fake_runv_final/Synth/top_7.v
/afs/unity.ncsu.edu/users/s/ssingh21/temp_proj/Comp1/fake_runv_final/Synth/top_7.v
/afs/unity.ncsu.edu/users/s/ssingh21/temp_proj/Comp1/fake_runv_final/Synth/top_7.v
/ncsu/synopsys2014/syn/libraries/syn/generic.sdb
/afs/unity.ncsu.edu/users/s/ssingh21/temp_proj/Comp1/fake_runv_final/Synth/setup.tcl
/afs/unity.ncsu.edu/users/s/ssingh21/temp_proj/Comp1/fake_runv_final/Synth/read.tcl
/afs/unity.ncsu.edu/users/s/ssingh21/temp_proj/Comp1/fake_runv_final/Synth/MainArbiter_1.v
/afs/unity.ncsu.edu/users/s/ssingh21/temp_proj/Comp1/fake_runv_final/Synth/MainArbiter_1.v
/afs/unity.ncsu.edu/users/s/ssingh21/temp_proj/Comp1/fake_runv_final/Synth/update_1.v
/afs/unity.ncsu.edu/users/s/ssingh21/temp_proj/Comp1/fake_runv_final/Synth/update_1.v
/afs/unity.ncsu.edu/users/s/ssingh21/temp_proj/Comp1/fake_runv_final/Synth/update_2.v
/afs/unity.ncsu.edu/users/s/ssingh21/temp_proj/Comp1/fake_runv_final/Synth/update_2.v
/afs/unity.ncsu.edu/users/s/ssingh21/temp_proj/Comp1/fake_runv_final/Synth/update_3.v
/afs/unity.ncsu.edu/users/s/ssingh21/temp_proj/Comp1/fake_runv_final/Synth/update_3.v
/afs/unity.ncsu.edu/users/s/ssingh21/temp_proj/Comp1/fake_runv_final/Synth/update_3_1_3.v
/afs/unity.ncsu.edu/users/s/ssingh21/temp_proj/Comp1/fake_runv_final/Synth/update_3_1_3.v
/afs/unity.ncsu.edu/users/s/ssingh21/temp_proj/Comp1/fake_runv_final/Synth/arithController_1.v
/afs/unity.ncsu.edu/users/s/ssingh21/temp_proj/Comp1/fake_runv_final/Synth/arithController_1.v
/afs/unity.ncsu.edu/users/s/ssingh21/temp_proj/Comp1/fake_runv_final/Synth/pad_3.v
/afs/unity.ncsu.edu/users/s/ssingh21/temp_proj/Comp1/fake_runv_final/Synth/pad_3.v
/afs/unity.ncsu.edu/users/s/ssingh21/temp_proj/Comp1/fake_runv_final/Synth/decoder.v
/afs/unity.ncsu.edu/users/s/ssingh21/temp_proj/Comp1/fake_runv_final/Synth/decoder.v
/afs/unity.ncsu.edu/users/s/ssingh21/temp_proj/Comp1/fake_runv_final/Synth/EOF_reg.v
/afs/unity.ncsu.edu/users/s/ssingh21/temp_proj/Comp1/fake_runv_final/Synth/EOF_reg.v
/afs/unity.ncsu.edu/users/s/ssingh21/temp_proj/Comp1/fake_runv_final/Synth/Isched_2.v
/afs/unity.ncsu.edu/users/s/ssingh21/temp_proj/Comp1/fake_runv_final/Synth/Isched_2.v
/afs/unity.ncsu.edu/users/s/ssingh21/temp_proj/Comp1/fake_runv_final/Synth/selector.v
/afs/unity.ncsu.edu/users/s/ssingh21/temp_proj/Comp1/fake_runv_final/Synth/selector.v
/afs/unity.ncsu.edu/users/s/ssingh21/temp_proj/Comp1/fake_runv_final/Synth/sync.v
/afs/unity.ncsu.edu/users/s/ssingh21/temp_proj/Comp1/fake_runv_final/Synth/sync.v
/afs/unity.ncsu.edu/users/s/ssingh21/temp_proj/Comp1/fake_runv_final/Synth/syncAccum.v
/afs/unity.ncsu.edu/users/s/ssingh21/temp_proj/Comp1/fake_runv_final/Synth/syncAccum.v
/afs/unity.ncsu.edu/users/s/ssingh21/temp_proj/Comp1/fake_runv_final/Synth/syncDiv.v
/afs/unity.ncsu.edu/users/s/ssingh21/temp_proj/Comp1/fake_runv_final/Synth/syncDiv.v
/afs/unity.ncsu.edu/users/s/ssingh21/temp_proj/Comp1/fake_runv_final/Synth/syncMult.v
/afs/unity.ncsu.edu/users/s/ssingh21/temp_proj/Comp1/fake_runv_final/Synth/syncMult.v
/afs/unity.ncsu.edu/users/s/ssingh21/temp_proj/Comp1/fake_runv_final/Synth/tester_2.v
/afs/unity.ncsu.edu/users/s/ssingh21/temp_proj/Comp1/fake_runv_final/Synth/tester_2.v
/afs/unity.ncsu.edu/users/s/ssingh21/temp_proj/Comp1/fake_runv_final/Synth/v_arbiter.v
/afs/unity.ncsu.edu/users/s/ssingh21/temp_proj/Comp1/fake_runv_final/Synth/v_arbiter.v
/afs/unity.ncsu.edu/users/s/ssingh21/temp_proj/Comp1/fake_runv_final/Synth/v_sched.v
/afs/unity.ncsu.edu/users/s/ssingh21/temp_proj/Comp1/fake_runv_final/Synth/v_sched.v
/afs/unity.ncsu.edu/users/s/ssingh21/temp_proj/Comp1/fake_runv_final/Synth/write_enable.v
/afs/unity.ncsu.edu/users/s/ssingh21/temp_proj/Comp1/fake_runv_final/Synth/write_enable.v
/afs/unity.ncsu.edu/users/s/ssingh21/temp_proj/Comp1/fake_runv_final/Synth/y_arbiter.v
/afs/unity.ncsu.edu/users/s/ssingh21/temp_proj/Comp1/fake_runv_final/Synth/y_arbiter.v
/afs/unity.ncsu.edu/users/s/ssingh21/temp_proj/Comp1/fake_runv_final/Synth/Constraints.tcl
/afs/unity.ncsu.edu/users/s/ssingh21/synopsys_cache_I-2013.12-SP1/DW01/DW01_MUX/str/NangateOpenCellLibrary_PDKv1_2_v2008_10_slow_nldm_3424_8167_4058/element.ddc
/afs/unity.ncsu.edu/users/s/ssingh21/synopsys_cache_I-2013.12-SP1/DW01/DW01_mmux/str/2/NangateOpenCellLibrary_PDKv1_2_v2008_10_slow_nldm_3424_8167_4058/element.ddc
/afs/unity.ncsu.edu/users/s/ssingh21/synopsys_cache_I-2013.12-SP1/DW01/DW01_mmux/str/3/NangateOpenCellLibrary_PDKv1_2_v2008_10_slow_nldm_3424_8167_4058/element.ddc
/afs/unity.ncsu.edu/users/s/ssingh21/synopsys_cache_I-2013.12-SP1/DW01/DW01_mmux/str/4/NangateOpenCellLibrary_PDKv1_2_v2008_10_slow_nldm_3424_8167_4058/element.ddc
/afs/unity.ncsu.edu/users/s/ssingh21/synopsys_cache_I-2013.12-SP1/DW01/DW01_mmux/str/5/NangateOpenCellLibrary_PDKv1_2_v2008_10_slow_nldm_3424_8167_4058/element.ddc
/afs/unity.ncsu.edu/users/s/ssingh21/synopsys_cache_I-2013.12-SP1/DW01/DW01_NAND2/str/NangateOpenCellLibrary_PDKv1_2_v2008_10_slow_nldm_3424_8167_4058/element.ddc
/afs/unity.ncsu.edu/users/s/ssingh21/synopsys_cache_I-2013.12-SP1/DW01/DW01_NOT/str/NangateOpenCellLibrary_PDKv1_2_v2008_10_slow_nldm_3424_8167_4058/element.ddc
/afs/unity.ncsu.edu/users/s/ssingh21/synopsys_cache_I-2013.12-SP1/DW01/DW01_add/rpl/9/NangateOpenCellLibrary_PDKv1_2_v2008_10_slow_nldm_3424_8167_4058/element.ddc
/afs/unity.ncsu.edu/users/s/ssingh21/synopsys_cache_I-2013.12-SP1/DW01/DW01_add/rpl/9/NangateOpenCellLibrary_PDKv1_2_v2008_10_slow_nldm_3424/element.ddc
/afs/unity.ncsu.edu/users/s/ssingh21/synopsys_cache_I-2013.12-SP1/DW01/DW01_incdec/rpl/8/NangateOpenCellLibrary_PDKv1_2_v2008_10_slow_nldm_3424_8167_4058/element.ddc
/afs/unity.ncsu.edu/users/s/ssingh21/synopsys_cache_I-2013.12-SP1/DW01/DW01_inc/rpl/9/NangateOpenCellLibrary_PDKv1_2_v2008_10_slow_nldm_3424_8167_4058/element.ddc
/afs/unity.ncsu.edu/users/s/ssingh21/synopsys_cache_I-2013.12-SP1/DW01/DW01_inc/rpl/9/NangateOpenCellLibrary_PDKv1_2_v2008_10_slow_nldm_3424/element.ddc
/afs/unity.ncsu.edu/users/s/ssingh21/temp_proj/Comp1/fake_runv_final/Synth/Constraints.tcl
/afs/unity.ncsu.edu/users/s/ssingh21/temp_proj/Comp1/fake_runv_final/Synth/setup.tcl
/afs/unity.ncsu.edu/users/s/ssingh21/temp_proj/Comp1/fake_runv_final/Synth/read.tcl
/afs/unity.ncsu.edu/users/s/ssingh21/temp_proj/Comp1/fake_runv_final/Synth/MainArbiter_1.v
/afs/unity.ncsu.edu/users/s/ssingh21/temp_proj/Comp1/fake_runv_final/Synth/MainArbiter_1.v
/afs/unity.ncsu.edu/users/s/ssingh21/temp_proj/Comp1/fake_runv_final/Synth/update_1.v
/afs/unity.ncsu.edu/users/s/ssingh21/temp_proj/Comp1/fake_runv_final/Synth/update_1.v
/afs/unity.ncsu.edu/users/s/ssingh21/temp_proj/Comp1/fake_runv_final/Synth/update_2.v
/afs/unity.ncsu.edu/users/s/ssingh21/temp_proj/Comp1/fake_runv_final/Synth/update_2.v
/afs/unity.ncsu.edu/users/s/ssingh21/temp_proj/Comp1/fake_runv_final/Synth/update_3.v
/afs/unity.ncsu.edu/users/s/ssingh21/temp_proj/Comp1/fake_runv_final/Synth/update_3.v
/afs/unity.ncsu.edu/users/s/ssingh21/temp_proj/Comp1/fake_runv_final/Synth/update_3_1_3.v
/afs/unity.ncsu.edu/users/s/ssingh21/temp_proj/Comp1/fake_runv_final/Synth/update_3_1_3.v
/afs/unity.ncsu.edu/users/s/ssingh21/temp_proj/Comp1/fake_runv_final/Synth/arithController_1.v
/afs/unity.ncsu.edu/users/s/ssingh21/temp_proj/Comp1/fake_runv_final/Synth/arithController_1.v
/afs/unity.ncsu.edu/users/s/ssingh21/temp_proj/Comp1/fake_runv_final/Synth/pad_3.v
/afs/unity.ncsu.edu/users/s/ssingh21/temp_proj/Comp1/fake_runv_final/Synth/pad_3.v
/afs/unity.ncsu.edu/users/s/ssingh21/temp_proj/Comp1/fake_runv_final/Synth/decoder.v
/afs/unity.ncsu.edu/users/s/ssingh21/temp_proj/Comp1/fake_runv_final/Synth/decoder.v
/afs/unity.ncsu.edu/users/s/ssingh21/temp_proj/Comp1/fake_runv_final/Synth/EOF_reg.v
/afs/unity.ncsu.edu/users/s/ssingh21/temp_proj/Comp1/fake_runv_final/Synth/EOF_reg.v
/afs/unity.ncsu.edu/users/s/ssingh21/temp_proj/Comp1/fake_runv_final/Synth/Isched_2.v
/afs/unity.ncsu.edu/users/s/ssingh21/temp_proj/Comp1/fake_runv_final/Synth/Isched_2.v
/afs/unity.ncsu.edu/users/s/ssingh21/temp_proj/Comp1/fake_runv_final/Synth/selector.v
/afs/unity.ncsu.edu/users/s/ssingh21/temp_proj/Comp1/fake_runv_final/Synth/selector.v
/afs/unity.ncsu.edu/users/s/ssingh21/temp_proj/Comp1/fake_runv_final/Synth/sync.v
/afs/unity.ncsu.edu/users/s/ssingh21/temp_proj/Comp1/fake_runv_final/Synth/sync.v
/afs/unity.ncsu.edu/users/s/ssingh21/temp_proj/Comp1/fake_runv_final/Synth/syncAccum.v
/afs/unity.ncsu.edu/users/s/ssingh21/temp_proj/Comp1/fake_runv_final/Synth/syncAccum.v
/afs/unity.ncsu.edu/users/s/ssingh21/temp_proj/Comp1/fake_runv_final/Synth/syncDiv.v
/afs/unity.ncsu.edu/users/s/ssingh21/temp_proj/Comp1/fake_runv_final/Synth/syncDiv.v
/afs/unity.ncsu.edu/users/s/ssingh21/temp_proj/Comp1/fake_runv_final/Synth/syncMult.v
/afs/unity.ncsu.edu/users/s/ssingh21/temp_proj/Comp1/fake_runv_final/Synth/syncMult.v
/afs/unity.ncsu.edu/users/s/ssingh21/temp_proj/Comp1/fake_runv_final/Synth/tester_2.v
/afs/unity.ncsu.edu/users/s/ssingh21/temp_proj/Comp1/fake_runv_final/Synth/tester_2.v
/afs/unity.ncsu.edu/users/s/ssingh21/temp_proj/Comp1/fake_runv_final/Synth/v_arbiter.v
/afs/unity.ncsu.edu/users/s/ssingh21/temp_proj/Comp1/fake_runv_final/Synth/v_arbiter.v
/afs/unity.ncsu.edu/users/s/ssingh21/temp_proj/Comp1/fake_runv_final/Synth/v_sched.v
/afs/unity.ncsu.edu/users/s/ssingh21/temp_proj/Comp1/fake_runv_final/Synth/v_sched.v
/afs/unity.ncsu.edu/users/s/ssingh21/temp_proj/Comp1/fake_runv_final/Synth/write_enable.v
/afs/unity.ncsu.edu/users/s/ssingh21/temp_proj/Comp1/fake_runv_final/Synth/write_enable.v
/afs/unity.ncsu.edu/users/s/ssingh21/temp_proj/Comp1/fake_runv_final/Synth/y_arbiter.v
/afs/unity.ncsu.edu/users/s/ssingh21/temp_proj/Comp1/fake_runv_final/Synth/y_arbiter.v
/afs/unity.ncsu.edu/users/s/ssingh21/temp_proj/Comp1/fake_runv_final/Synth/Constraints.tcl
/afs/unity.ncsu.edu/users/s/ssingh21/synopsys_cache_I-2013.12-SP1/DW01/DW01_MUX/str/NangateOpenCellLibrary_PDKv1_2_v2008_10_slow_nldm_3424_8167_4058/element.ddc
/afs/unity.ncsu.edu/users/s/ssingh21/synopsys_cache_I-2013.12-SP1/DW01/DW01_mmux/str/2/NangateOpenCellLibrary_PDKv1_2_v2008_10_slow_nldm_3424_8167_4058/element.ddc
/afs/unity.ncsu.edu/users/s/ssingh21/synopsys_cache_I-2013.12-SP1/DW01/DW01_mmux/str/3/NangateOpenCellLibrary_PDKv1_2_v2008_10_slow_nldm_3424_8167_4058/element.ddc
/afs/unity.ncsu.edu/users/s/ssingh21/synopsys_cache_I-2013.12-SP1/DW01/DW01_mmux/str/4/NangateOpenCellLibrary_PDKv1_2_v2008_10_slow_nldm_3424_8167_4058/element.ddc
/afs/unity.ncsu.edu/users/s/ssingh21/synopsys_cache_I-2013.12-SP1/DW01/DW01_mmux/str/5/NangateOpenCellLibrary_PDKv1_2_v2008_10_slow_nldm_3424_8167_4058/element.ddc
/afs/unity.ncsu.edu/users/s/ssingh21/synopsys_cache_I-2013.12-SP1/DW01/DW01_inc/rpl/11/NangateOpenCellLibrary_PDKv1_2_v2008_10_slow_nldm_3424_8167_4058/element.ddc
/afs/unity.ncsu.edu/users/s/ssingh21/synopsys_cache_I-2013.12-SP1/DW01/DW01_NOT/str/NangateOpenCellLibrary_PDKv1_2_v2008_10_slow_nldm_3424_8167_4058/element.ddc
/afs/unity.ncsu.edu/users/s/ssingh21/synopsys_cache_I-2013.12-SP1/DW01/DW01_add/rpl/11/NangateOpenCellLibrary_PDKv1_2_v2008_10_slow_nldm_3424_8167_4058/element.ddc
/afs/unity.ncsu.edu/users/s/ssingh21/synopsys_cache_I-2013.12-SP1/DW01/DW01_incdec/rpl/11/NangateOpenCellLibrary_PDKv1_2_v2008_10_slow_nldm_3424_8167_4058/element.ddc
/afs/unity.ncsu.edu/users/s/ssingh21/synopsys_cache_I-2013.12-SP1/DW01/DW01_inc/rpl/11/NangateOpenCellLibrary_PDKv1_2_v2008_10_slow_nldm_3424/element.ddc
/afs/unity.ncsu.edu/users/s/ssingh21/synopsys_cache_I-2013.12-SP1/DW01/DW_cmp/pparch/8/NangateOpenCellLibrary_PDKv1_2_v2008_10_slow_nldm_3424_8167_4058/element.ddc
/afs/unity.ncsu.edu/users/s/ssingh21/synopsys_cache_I-2013.12-SP1/DW01/DW_cmp/apparch/8/NangateOpenCellLibrary_PDKv1_2_v2008_10_slow_nldm_3424_8167_4058/element.ddc
/afs/unity.ncsu.edu/users/s/ssingh21/synopsys_cache_I-2013.12-SP1/DW01/DW01_cmp6/rpl/8/NangateOpenCellLibrary_PDKv1_2_v2008_10_slow_nldm_3424_8167_4058/element.ddc
/afs/unity.ncsu.edu/users/s/ssingh21/synopsys_cache_I-2013.12-SP1/DW01/DW_cmp/pparch/16/NangateOpenCellLibrary_PDKv1_2_v2008_10_slow_nldm_3424_8167_4058/element.ddc
/afs/unity.ncsu.edu/users/s/ssingh21/synopsys_cache_I-2013.12-SP1/DW01/DW_cmp/apparch/16/NangateOpenCellLibrary_PDKv1_2_v2008_10_slow_nldm_3424_8167_4058/element.ddc
/afs/unity.ncsu.edu/users/s/ssingh21/synopsys_cache_I-2013.12-SP1/DW01/DW01_cmp6/rpl/16/NangateOpenCellLibrary_PDKv1_2_v2008_10_slow_nldm_3424_8167_4058/element.ddc
/afs/unity.ncsu.edu/users/s/ssingh21/synopsys_cache_I-2013.12-SP1/DW01/DW01_inc/rpl/5/NangateOpenCellLibrary_PDKv1_2_v2008_10_slow_nldm_3424_8167_4058/element.ddc
/afs/unity.ncsu.edu/users/s/ssingh21/synopsys_cache_I-2013.12-SP1/DW01/DW01_add/rpl/5/NangateOpenCellLibrary_PDKv1_2_v2008_10_slow_nldm_3424_8167_4058/element.ddc
/afs/unity.ncsu.edu/users/s/ssingh21/synopsys_cache_I-2013.12-SP1/DW01/DW01_incdec/rpl/5/NangateOpenCellLibrary_PDKv1_2_v2008_10_slow_nldm_3424_8167_4058/element.ddc
/afs/unity.ncsu.edu/users/s/ssingh21/synopsys_cache_I-2013.12-SP1/DW01/DW01_inc/rpl/5/NangateOpenCellLibrary_PDKv1_2_v2008_10_slow_nldm_3424/element.ddc
/afs/unity.ncsu.edu/users/s/ssingh21/synopsys_cache_I-2013.12-SP1/DW01/DW_cmp/pparch/6/NangateOpenCellLibrary_PDKv1_2_v2008_10_slow_nldm_3424_8167_4058/element.ddc
/afs/unity.ncsu.edu/users/s/ssingh21/synopsys_cache_I-2013.12-SP1/DW01/DW_cmp/apparch/6/NangateOpenCellLibrary_PDKv1_2_v2008_10_slow_nldm_3424_8167_4058/element.ddc
/afs/unity.ncsu.edu/users/s/ssingh21/synopsys_cache_I-2013.12-SP1/DW01/DW01_inc/rpl/6/NangateOpenCellLibrary_PDKv1_2_v2008_10_slow_nldm_3424_8167_4058/element.ddc
/afs/unity.ncsu.edu/users/s/ssingh21/synopsys_cache_I-2013.12-SP1/DW01/DW01_cmp6/rpl/6/NangateOpenCellLibrary_PDKv1_2_v2008_10_slow_nldm_3424_8167_4058/element.ddc
/afs/unity.ncsu.edu/users/s/ssingh21/synopsys_cache_I-2013.12-SP1/DW01/DW01_cmp2/rpl/6/NangateOpenCellLibrary_PDKv1_2_v2008_10_slow_nldm_3424_8167_4058/element.ddc
/afs/unity.ncsu.edu/users/s/ssingh21/synopsys_cache_I-2013.12-SP1/DW01/DW01_add/rpl/6/NangateOpenCellLibrary_PDKv1_2_v2008_10_slow_nldm_3424_8167_4058/element.ddc
/afs/unity.ncsu.edu/users/s/ssingh21/synopsys_cache_I-2013.12-SP1/DW01/DW01_incdec/rpl/6/NangateOpenCellLibrary_PDKv1_2_v2008_10_slow_nldm_3424_8167_4058/element.ddc
/afs/unity.ncsu.edu/users/s/ssingh21/synopsys_cache_I-2013.12-SP1/DW01/DW01_inc/rpl/6/NangateOpenCellLibrary_PDKv1_2_v2008_10_slow_nldm_3424/element.ddc
/afs/unity.ncsu.edu/users/s/ssingh21/synopsys_cache_I-2013.12-SP1/DW01/DW01_cmp2/rpl/6/NangateOpenCellLibrary_PDKv1_2_v2008_10_slow_nldm_3424/element.ddc
/afs/unity.ncsu.edu/users/s/ssingh21/synopsys_cache_I-2013.12-SP1/DW01/DW01_inc/rpl/3/NangateOpenCellLibrary_PDKv1_2_v2008_10_slow_nldm_3424_8167_4058/element.ddc
/afs/unity.ncsu.edu/users/s/ssingh21/synopsys_cache_I-2013.12-SP1/DW01/DW01_dec/rpl/5/NangateOpenCellLibrary_PDKv1_2_v2008_10_slow_nldm_3424_8167_4058/element.ddc
/afs/unity.ncsu.edu/users/s/ssingh21/synopsys_cache_I-2013.12-SP1/DW01/DW_cmp/pparch/3/NangateOpenCellLibrary_PDKv1_2_v2008_10_slow_nldm_3424_8167_4058/element.ddc
/afs/unity.ncsu.edu/users/s/ssingh21/synopsys_cache_I-2013.12-SP1/DW01/DW_cmp/apparch/3/NangateOpenCellLibrary_PDKv1_2_v2008_10_slow_nldm_3424_8167_4058/element.ddc
/afs/unity.ncsu.edu/users/s/ssingh21/synopsys_cache_I-2013.12-SP1/DW01/DW01_cmp6/rpl/3/NangateOpenCellLibrary_PDKv1_2_v2008_10_slow_nldm_3424_8167_4058/element.ddc
/afs/unity.ncsu.edu/users/s/ssingh21/synopsys_cache_I-2013.12-SP1/DW01/DW01_sub/rpl/5/NangateOpenCellLibrary_PDKv1_2_v2008_10_slow_nldm_3424_8167_4058/element.ddc
/afs/unity.ncsu.edu/users/s/ssingh21/synopsys_cache_I-2013.12-SP1/DW01/DW01_add/rpl/3/NangateOpenCellLibrary_PDKv1_2_v2008_10_slow_nldm_3424_8167_4058/element.ddc
/afs/unity.ncsu.edu/users/s/ssingh21/synopsys_cache_I-2013.12-SP1/DW01/DW01_incdec/rpl/3/NangateOpenCellLibrary_PDKv1_2_v2008_10_slow_nldm_3424_8167_4058/element.ddc
/afs/unity.ncsu.edu/users/s/ssingh21/synopsys_cache_I-2013.12-SP1/DW01/DW01_inc/rpl/3/NangateOpenCellLibrary_PDKv1_2_v2008_10_slow_nldm_3424/element.ddc
/afs/unity.ncsu.edu/users/s/ssingh21/synopsys_cache_I-2013.12-SP1/DW01/DW01_dec/rpl/5/NangateOpenCellLibrary_PDKv1_2_v2008_10_slow_nldm_3424/element.ddc
/afs/unity.ncsu.edu/users/s/ssingh21/synopsys_cache_I-2013.12-SP1/DW01/DW01_cmp6/rpl/3/NangateOpenCellLibrary_PDKv1_2_v2008_10_slow_nldm_3424/element.ddc
/afs/unity.ncsu.edu/users/s/ssingh21/synopsys_cache_I-2013.12-SP1/DW01/DW_cmp/pparch/4/NangateOpenCellLibrary_PDKv1_2_v2008_10_slow_nldm_3424_8167_4058/element.ddc
/afs/unity.ncsu.edu/users/s/ssingh21/synopsys_cache_I-2013.12-SP1/DW01/DW_cmp/apparch/4/NangateOpenCellLibrary_PDKv1_2_v2008_10_slow_nldm_3424_8167_4058/element.ddc
/afs/unity.ncsu.edu/users/s/ssingh21/synopsys_cache_I-2013.12-SP1/DW01/DW01_inc/rpl/2/NangateOpenCellLibrary_PDKv1_2_v2008_10_slow_nldm_3424_8167_4058/element.ddc
/afs/unity.ncsu.edu/users/s/ssingh21/synopsys_cache_I-2013.12-SP1/DW01/DW01_dec/rpl/4/NangateOpenCellLibrary_PDKv1_2_v2008_10_slow_nldm_3424_8167_4058/element.ddc
/afs/unity.ncsu.edu/users/s/ssingh21/synopsys_cache_I-2013.12-SP1/DW01/DW01_add/rpl/2/NangateOpenCellLibrary_PDKv1_2_v2008_10_slow_nldm_3424_8167_4058/element.ddc
/afs/unity.ncsu.edu/users/s/ssingh21/synopsys_cache_I-2013.12-SP1/DW01/DW01_cmp6/rpl/4/NangateOpenCellLibrary_PDKv1_2_v2008_10_slow_nldm_3424_8167_4058/element.ddc
/afs/unity.ncsu.edu/users/s/ssingh21/synopsys_cache_I-2013.12-SP1/DW01/DW01_cmp2/rpl/4/NangateOpenCellLibrary_PDKv1_2_v2008_10_slow_nldm_3424_8167_4058/element.ddc
/afs/unity.ncsu.edu/users/s/ssingh21/synopsys_cache_I-2013.12-SP1/DW01/DW01_incdec/rpl/4/NangateOpenCellLibrary_PDKv1_2_v2008_10_slow_nldm_3424_8167_4058/element.ddc
/afs/unity.ncsu.edu/users/s/ssingh21/synopsys_cache_I-2013.12-SP1/DW01/DW01_incdec/rpl/2/NangateOpenCellLibrary_PDKv1_2_v2008_10_slow_nldm_3424_8167_4058/element.ddc
/afs/unity.ncsu.edu/users/s/ssingh21/synopsys_cache_I-2013.12-SP1/DW01/DW01_addsub/rpl/2/NangateOpenCellLibrary_PDKv1_2_v2008_10_slow_nldm_3424_8167_4058/element.ddc
/afs/unity.ncsu.edu/users/s/ssingh21/synopsys_cache_I-2013.12-SP1/DW01/DW01_addsub/rpl/4/NangateOpenCellLibrary_PDKv1_2_v2008_10_slow_nldm_3424_8167_4058/element.ddc
/afs/unity.ncsu.edu/users/s/ssingh21/synopsys_cache_I-2013.12-SP1/DW01/DW01_sub/rpl/4/NangateOpenCellLibrary_PDKv1_2_v2008_10_slow_nldm_3424_8167_4058/element.ddc
/afs/unity.ncsu.edu/users/s/ssingh21/synopsys_cache_I-2013.12-SP1/DW01/DW01_dec/rpl/4/NangateOpenCellLibrary_PDKv1_2_v2008_10_slow_nldm_3424/element.ddc
/afs/unity.ncsu.edu/users/s/ssingh21/synopsys_cache_I-2013.12-SP1/DW01/DW01_addsub/rpl/2/NangateOpenCellLibrary_PDKv1_2_v2008_10_slow_nldm_3424/element.ddc
/afs/unity.ncsu.edu/users/s/ssingh21/synopsys_cache_I-2013.12-SP1/DW01/DW01_inc/rpl/2/NangateOpenCellLibrary_PDKv1_2_v2008_10_slow_nldm_3424/element.ddc
/afs/unity.ncsu.edu/users/s/ssingh21/synopsys_cache_I-2013.12-SP1/DW01/DW01_cmp2/rpl/4/NangateOpenCellLibrary_PDKv1_2_v2008_10_slow_nldm_3424/element.ddc
/afs/unity.ncsu.edu/users/s/ssingh21/synopsys_cache_I-2013.12-SP1/DW01/DW01_add/rpl/9/NangateOpenCellLibrary_PDKv1_2_v2008_10_slow_nldm_3424_8167_4058/element.ddc
/afs/unity.ncsu.edu/users/s/ssingh21/synopsys_cache_I-2013.12-SP1/DW01/DW01_add/rpl/9/NangateOpenCellLibrary_PDKv1_2_v2008_10_slow_nldm_3424/element.ddc
/afs/unity.ncsu.edu/users/s/ssingh21/synopsys_cache_I-2013.12-SP1/DW01/DW_cmp/pparch/5/NangateOpenCellLibrary_PDKv1_2_v2008_10_slow_nldm_3424_8167_4058/element.ddc
/afs/unity.ncsu.edu/users/s/ssingh21/synopsys_cache_I-2013.12-SP1/DW01/DW_cmp/apparch/5/NangateOpenCellLibrary_PDKv1_2_v2008_10_slow_nldm_3424_8167_4058/element.ddc
/afs/unity.ncsu.edu/users/s/ssingh21/synopsys_cache_I-2013.12-SP1/DW01/DW01_cmp6/rpl/5/NangateOpenCellLibrary_PDKv1_2_v2008_10_slow_nldm_3424_8167_4058/element.ddc
/afs/unity.ncsu.edu/users/s/ssingh21/synopsys_cache_I-2013.12-SP1/DW01/DW01_cmp2/rpl/5/NangateOpenCellLibrary_PDKv1_2_v2008_10_slow_nldm_3424_8167_4058/element.ddc
/afs/unity.ncsu.edu/users/s/ssingh21/synopsys_cache_I-2013.12-SP1/DW01/DW01_cmp2/rpl/5/NangateOpenCellLibrary_PDKv1_2_v2008_10_slow_nldm_3424/element.ddc
/afs/unity.ncsu.edu/users/s/ssingh21/synopsys_cache_I-2013.12-SP1/DW01/DW01_inc/rpl/8/NangateOpenCellLibrary_PDKv1_2_v2008_10_slow_nldm_3424_8167_4058/element.ddc
/afs/unity.ncsu.edu/users/s/ssingh21/synopsys_cache_I-2013.12-SP1/DW01/DW01_add/rpl/8/NangateOpenCellLibrary_PDKv1_2_v2008_10_slow_nldm_3424_8167_4058/element.ddc
/afs/unity.ncsu.edu/users/s/ssingh21/synopsys_cache_I-2013.12-SP1/DW01/DW01_incdec/rpl/8/NangateOpenCellLibrary_PDKv1_2_v2008_10_slow_nldm_3424_8167_4058/element.ddc
/afs/unity.ncsu.edu/users/s/ssingh21/synopsys_cache_I-2013.12-SP1/DW01/DW01_inc/rpl/8/NangateOpenCellLibrary_PDKv1_2_v2008_10_slow_nldm_3424/element.ddc
/afs/unity.ncsu.edu/users/s/ssingh21/synopsys_cache_I-2013.12-SP1/DW01/DW01_inc/rpl/9/NangateOpenCellLibrary_PDKv1_2_v2008_10_slow_nldm_3424_8167_4058/element.ddc
/afs/unity.ncsu.edu/users/s/ssingh21/synopsys_cache_I-2013.12-SP1/DW02/DW_mult_uns/pparch/3/1/NangateOpenCellLibrary_PDKv1_2_v2008_10_slow_nldm_3424_8167_4058/element.ddc
/afs/unity.ncsu.edu/users/s/ssingh21/synopsys_cache_I-2013.12-SP1/DW02/DW_mult_uns/apparch/3/1/NangateOpenCellLibrary_PDKv1_2_v2008_10_slow_nldm_3424_8167_4058/element.ddc
/afs/unity.ncsu.edu/users/s/ssingh21/synopsys_cache_I-2013.12-SP1/DW02/DW02_mult/csa/3/1/NangateOpenCellLibrary_PDKv1_2_v2008_10_slow_nldm_3424_8167_4058/element.ddc
/afs/unity.ncsu.edu/users/s/ssingh21/synopsys_cache_I-2013.12-SP1/DW02/DW02_mult/csa/1/3/NangateOpenCellLibrary_PDKv1_2_v2008_10_slow_nldm_3424_8167_4058/element.ddc
/afs/unity.ncsu.edu/users/s/ssingh21/synopsys_cache_I-2013.12-SP1/DW02/DW02_mult/apparch/3/1/NangateOpenCellLibrary_PDKv1_2_v2008_10_slow_nldm_3424_8167_4058/element.ddc
/afs/unity.ncsu.edu/users/s/ssingh21/synopsys_cache_I-2013.12-SP1/DW02/DW02_mult/apparch/1/3/NangateOpenCellLibrary_PDKv1_2_v2008_10_slow_nldm_3424_8167_4058/element.ddc
/afs/unity.ncsu.edu/users/s/ssingh21/synopsys_cache_I-2013.12-SP1/DW02/DW_mult_uns/pparch/1/3/NangateOpenCellLibrary_PDKv1_2_v2008_10_slow_nldm_3424_8167_4058/element.ddc
/afs/unity.ncsu.edu/users/s/ssingh21/synopsys_cache_I-2013.12-SP1/DW02/DW_mult_uns/apparch/1/3/NangateOpenCellLibrary_PDKv1_2_v2008_10_slow_nldm_3424_8167_4058/element.ddc
/afs/unity.ncsu.edu/users/s/ssingh21/synopsys_cache_I-2013.12-SP1/DW02/DW_mult_uns/apparch/3/1/NangateOpenCellLibrary_PDKv1_2_v2008_10_slow_nldm_3424/8167_4058/mapped.ddc
/afs/unity.ncsu.edu/users/s/ssingh21/synopsys_cache_I-2013.12-SP1/DW01/DW01_inc/rpl/9/NangateOpenCellLibrary_PDKv1_2_v2008_10_slow_nldm_3424/element.ddc
/afs/unity.ncsu.edu/users/s/ssingh21/synopsys_cache_I-2013.12-SP1/DW01/DW_cmp/apparch/3/NangateOpenCellLibrary_PDKv1_2_v2008_10_slow_nldm_3424/8167_4058/mapped.ddc
/afs/unity.ncsu.edu/users/s/ssingh21/temp_proj/Comp1/fake_runv_final/Synth/Constraints.tcl
/afs/unity.ncsu.edu/users/s/ssingh21/temp_proj/Comp1/fake_runv_final/Synth/setup.tcl
/afs/unity.ncsu.edu/users/s/ssingh21/temp_proj/Comp1/fake_runv_final/Synth/read.tcl
/afs/unity.ncsu.edu/users/s/ssingh21/temp_proj/Comp1/fake_runv_final/Synth/MainArbiter_1.v
/afs/unity.ncsu.edu/users/s/ssingh21/temp_proj/Comp1/fake_runv_final/Synth/MainArbiter_1.v
/afs/unity.ncsu.edu/users/s/ssingh21/temp_proj/Comp1/fake_runv_final/Synth/update_1.v
/afs/unity.ncsu.edu/users/s/ssingh21/temp_proj/Comp1/fake_runv_final/Synth/update_1.v
/afs/unity.ncsu.edu/users/s/ssingh21/temp_proj/Comp1/fake_runv_final/Synth/update_2.v
/afs/unity.ncsu.edu/users/s/ssingh21/temp_proj/Comp1/fake_runv_final/Synth/update_2.v
/afs/unity.ncsu.edu/users/s/ssingh21/temp_proj/Comp1/fake_runv_final/Synth/update_3.v
/afs/unity.ncsu.edu/users/s/ssingh21/temp_proj/Comp1/fake_runv_final/Synth/update_3.v
/afs/unity.ncsu.edu/users/s/ssingh21/temp_proj/Comp1/fake_runv_final/Synth/update_3_1_3.v
/afs/unity.ncsu.edu/users/s/ssingh21/temp_proj/Comp1/fake_runv_final/Synth/update_3_1_3.v
/afs/unity.ncsu.edu/users/s/ssingh21/temp_proj/Comp1/fake_runv_final/Synth/arithController_1.v
/afs/unity.ncsu.edu/users/s/ssingh21/temp_proj/Comp1/fake_runv_final/Synth/arithController_1.v
/afs/unity.ncsu.edu/users/s/ssingh21/temp_proj/Comp1/fake_runv_final/Synth/pad_3.v
/afs/unity.ncsu.edu/users/s/ssingh21/temp_proj/Comp1/fake_runv_final/Synth/pad_3.v
/afs/unity.ncsu.edu/users/s/ssingh21/temp_proj/Comp1/fake_runv_final/Synth/decoder.v
/afs/unity.ncsu.edu/users/s/ssingh21/temp_proj/Comp1/fake_runv_final/Synth/decoder.v
/afs/unity.ncsu.edu/users/s/ssingh21/temp_proj/Comp1/fake_runv_final/Synth/EOF_reg.v
/afs/unity.ncsu.edu/users/s/ssingh21/temp_proj/Comp1/fake_runv_final/Synth/EOF_reg.v
/afs/unity.ncsu.edu/users/s/ssingh21/temp_proj/Comp1/fake_runv_final/Synth/Isched_2.v
/afs/unity.ncsu.edu/users/s/ssingh21/temp_proj/Comp1/fake_runv_final/Synth/Isched_2.v
/afs/unity.ncsu.edu/users/s/ssingh21/temp_proj/Comp1/fake_runv_final/Synth/selector.v
/afs/unity.ncsu.edu/users/s/ssingh21/temp_proj/Comp1/fake_runv_final/Synth/selector.v
/afs/unity.ncsu.edu/users/s/ssingh21/temp_proj/Comp1/fake_runv_final/Synth/sync.v
/afs/unity.ncsu.edu/users/s/ssingh21/temp_proj/Comp1/fake_runv_final/Synth/sync.v
/afs/unity.ncsu.edu/users/s/ssingh21/temp_proj/Comp1/fake_runv_final/Synth/syncAccum.v
/afs/unity.ncsu.edu/users/s/ssingh21/temp_proj/Comp1/fake_runv_final/Synth/syncAccum.v
/afs/unity.ncsu.edu/users/s/ssingh21/temp_proj/Comp1/fake_runv_final/Synth/syncDiv.v
/afs/unity.ncsu.edu/users/s/ssingh21/temp_proj/Comp1/fake_runv_final/Synth/syncDiv.v
/afs/unity.ncsu.edu/users/s/ssingh21/temp_proj/Comp1/fake_runv_final/Synth/syncMult.v
/afs/unity.ncsu.edu/users/s/ssingh21/temp_proj/Comp1/fake_runv_final/Synth/syncMult.v
/afs/unity.ncsu.edu/users/s/ssingh21/temp_proj/Comp1/fake_runv_final/Synth/tester_2.v
/afs/unity.ncsu.edu/users/s/ssingh21/temp_proj/Comp1/fake_runv_final/Synth/tester_2.v
/afs/unity.ncsu.edu/users/s/ssingh21/temp_proj/Comp1/fake_runv_final/Synth/v_arbiter.v
/afs/unity.ncsu.edu/users/s/ssingh21/temp_proj/Comp1/fake_runv_final/Synth/v_arbiter.v
/afs/unity.ncsu.edu/users/s/ssingh21/temp_proj/Comp1/fake_runv_final/Synth/v_sched.v
/afs/unity.ncsu.edu/users/s/ssingh21/temp_proj/Comp1/fake_runv_final/Synth/v_sched.v
/afs/unity.ncsu.edu/users/s/ssingh21/temp_proj/Comp1/fake_runv_final/Synth/write_enable.v
/afs/unity.ncsu.edu/users/s/ssingh21/temp_proj/Comp1/fake_runv_final/Synth/write_enable.v
/afs/unity.ncsu.edu/users/s/ssingh21/temp_proj/Comp1/fake_runv_final/Synth/y_arbiter.v
/afs/unity.ncsu.edu/users/s/ssingh21/temp_proj/Comp1/fake_runv_final/Synth/y_arbiter.v
/afs/unity.ncsu.edu/users/s/ssingh21/temp_proj/Comp1/fake_runv_final/Synth/Constraints.tcl
/afs/unity.ncsu.edu/users/s/ssingh21/synopsys_cache_I-2013.12-SP1/DW01/DW01_MUX/str/NangateOpenCellLibrary_PDKv1_2_v2008_10_slow_nldm_3424_8167_4058/element.ddc
/afs/unity.ncsu.edu/users/s/ssingh21/synopsys_cache_I-2013.12-SP1/DW01/DW01_mmux/str/2/NangateOpenCellLibrary_PDKv1_2_v2008_10_slow_nldm_3424_8167_4058/element.ddc
/afs/unity.ncsu.edu/users/s/ssingh21/synopsys_cache_I-2013.12-SP1/DW01/DW01_mmux/str/3/NangateOpenCellLibrary_PDKv1_2_v2008_10_slow_nldm_3424_8167_4058/element.ddc
/afs/unity.ncsu.edu/users/s/ssingh21/synopsys_cache_I-2013.12-SP1/DW01/DW01_mmux/str/4/NangateOpenCellLibrary_PDKv1_2_v2008_10_slow_nldm_3424_8167_4058/element.ddc
/afs/unity.ncsu.edu/users/s/ssingh21/synopsys_cache_I-2013.12-SP1/DW01/DW01_mmux/str/5/NangateOpenCellLibrary_PDKv1_2_v2008_10_slow_nldm_3424_8167_4058/element.ddc
/afs/unity.ncsu.edu/users/s/ssingh21/synopsys_cache_I-2013.12-SP1/DW01/DW01_inc/rpl/11/NangateOpenCellLibrary_PDKv1_2_v2008_10_slow_nldm_3424_8167_4058/element.ddc
/afs/unity.ncsu.edu/users/s/ssingh21/synopsys_cache_I-2013.12-SP1/DW01/DW01_NOT/str/NangateOpenCellLibrary_PDKv1_2_v2008_10_slow_nldm_3424_8167_4058/element.ddc
/afs/unity.ncsu.edu/users/s/ssingh21/synopsys_cache_I-2013.12-SP1/DW01/DW01_add/rpl/11/NangateOpenCellLibrary_PDKv1_2_v2008_10_slow_nldm_3424_8167_4058/element.ddc
/afs/unity.ncsu.edu/users/s/ssingh21/synopsys_cache_I-2013.12-SP1/DW01/DW01_incdec/rpl/11/NangateOpenCellLibrary_PDKv1_2_v2008_10_slow_nldm_3424_8167_4058/element.ddc
/afs/unity.ncsu.edu/users/s/ssingh21/synopsys_cache_I-2013.12-SP1/DW01/DW01_inc/rpl/11/NangateOpenCellLibrary_PDKv1_2_v2008_10_slow_nldm_3424/element.ddc
/afs/unity.ncsu.edu/users/s/ssingh21/synopsys_cache_I-2013.12-SP1/DW01/DW_cmp/pparch/8/NangateOpenCellLibrary_PDKv1_2_v2008_10_slow_nldm_3424_8167_4058/element.ddc
/afs/unity.ncsu.edu/users/s/ssingh21/synopsys_cache_I-2013.12-SP1/DW01/DW_cmp/apparch/8/NangateOpenCellLibrary_PDKv1_2_v2008_10_slow_nldm_3424_8167_4058/element.ddc
/afs/unity.ncsu.edu/users/s/ssingh21/synopsys_cache_I-2013.12-SP1/DW01/DW01_cmp6/rpl/8/NangateOpenCellLibrary_PDKv1_2_v2008_10_slow_nldm_3424_8167_4058/element.ddc
/afs/unity.ncsu.edu/users/s/ssingh21/synopsys_cache_I-2013.12-SP1/DW01/DW_cmp/pparch/16/NangateOpenCellLibrary_PDKv1_2_v2008_10_slow_nldm_3424_8167_4058/element.ddc
/afs/unity.ncsu.edu/users/s/ssingh21/synopsys_cache_I-2013.12-SP1/DW01/DW_cmp/apparch/16/NangateOpenCellLibrary_PDKv1_2_v2008_10_slow_nldm_3424_8167_4058/element.ddc
/afs/unity.ncsu.edu/users/s/ssingh21/synopsys_cache_I-2013.12-SP1/DW01/DW01_cmp6/rpl/16/NangateOpenCellLibrary_PDKv1_2_v2008_10_slow_nldm_3424_8167_4058/element.ddc
/afs/unity.ncsu.edu/users/s/ssingh21/synopsys_cache_I-2013.12-SP1/DW01/DW01_inc/rpl/5/NangateOpenCellLibrary_PDKv1_2_v2008_10_slow_nldm_3424_8167_4058/element.ddc
/afs/unity.ncsu.edu/users/s/ssingh21/synopsys_cache_I-2013.12-SP1/DW01/DW01_add/rpl/5/NangateOpenCellLibrary_PDKv1_2_v2008_10_slow_nldm_3424_8167_4058/element.ddc
/afs/unity.ncsu.edu/users/s/ssingh21/synopsys_cache_I-2013.12-SP1/DW01/DW01_incdec/rpl/5/NangateOpenCellLibrary_PDKv1_2_v2008_10_slow_nldm_3424_8167_4058/element.ddc
/afs/unity.ncsu.edu/users/s/ssingh21/synopsys_cache_I-2013.12-SP1/DW01/DW01_inc/rpl/5/NangateOpenCellLibrary_PDKv1_2_v2008_10_slow_nldm_3424/element.ddc
/afs/unity.ncsu.edu/users/s/ssingh21/synopsys_cache_I-2013.12-SP1/DW01/DW_cmp/pparch/6/NangateOpenCellLibrary_PDKv1_2_v2008_10_slow_nldm_3424_8167_4058/element.ddc
/afs/unity.ncsu.edu/users/s/ssingh21/synopsys_cache_I-2013.12-SP1/DW01/DW_cmp/apparch/6/NangateOpenCellLibrary_PDKv1_2_v2008_10_slow_nldm_3424_8167_4058/element.ddc
/afs/unity.ncsu.edu/users/s/ssingh21/synopsys_cache_I-2013.12-SP1/DW01/DW01_inc/rpl/6/NangateOpenCellLibrary_PDKv1_2_v2008_10_slow_nldm_3424_8167_4058/element.ddc
/afs/unity.ncsu.edu/users/s/ssingh21/synopsys_cache_I-2013.12-SP1/DW01/DW01_cmp6/rpl/6/NangateOpenCellLibrary_PDKv1_2_v2008_10_slow_nldm_3424_8167_4058/element.ddc
/afs/unity.ncsu.edu/users/s/ssingh21/synopsys_cache_I-2013.12-SP1/DW01/DW01_cmp2/rpl/6/NangateOpenCellLibrary_PDKv1_2_v2008_10_slow_nldm_3424_8167_4058/element.ddc
/afs/unity.ncsu.edu/users/s/ssingh21/synopsys_cache_I-2013.12-SP1/DW01/DW01_add/rpl/6/NangateOpenCellLibrary_PDKv1_2_v2008_10_slow_nldm_3424_8167_4058/element.ddc
/afs/unity.ncsu.edu/users/s/ssingh21/synopsys_cache_I-2013.12-SP1/DW01/DW01_incdec/rpl/6/NangateOpenCellLibrary_PDKv1_2_v2008_10_slow_nldm_3424_8167_4058/element.ddc
/afs/unity.ncsu.edu/users/s/ssingh21/synopsys_cache_I-2013.12-SP1/DW01/DW01_inc/rpl/6/NangateOpenCellLibrary_PDKv1_2_v2008_10_slow_nldm_3424/element.ddc
/afs/unity.ncsu.edu/users/s/ssingh21/synopsys_cache_I-2013.12-SP1/DW01/DW01_cmp2/rpl/6/NangateOpenCellLibrary_PDKv1_2_v2008_10_slow_nldm_3424/element.ddc
/afs/unity.ncsu.edu/users/s/ssingh21/synopsys_cache_I-2013.12-SP1/DW01/DW01_inc/rpl/3/NangateOpenCellLibrary_PDKv1_2_v2008_10_slow_nldm_3424_8167_4058/element.ddc
/afs/unity.ncsu.edu/users/s/ssingh21/synopsys_cache_I-2013.12-SP1/DW01/DW01_dec/rpl/5/NangateOpenCellLibrary_PDKv1_2_v2008_10_slow_nldm_3424_8167_4058/element.ddc
/afs/unity.ncsu.edu/users/s/ssingh21/synopsys_cache_I-2013.12-SP1/DW01/DW_cmp/pparch/3/NangateOpenCellLibrary_PDKv1_2_v2008_10_slow_nldm_3424_8167_4058/element.ddc
/afs/unity.ncsu.edu/users/s/ssingh21/synopsys_cache_I-2013.12-SP1/DW01/DW_cmp/apparch/3/NangateOpenCellLibrary_PDKv1_2_v2008_10_slow_nldm_3424_8167_4058/element.ddc
/afs/unity.ncsu.edu/users/s/ssingh21/synopsys_cache_I-2013.12-SP1/DW01/DW01_cmp6/rpl/3/NangateOpenCellLibrary_PDKv1_2_v2008_10_slow_nldm_3424_8167_4058/element.ddc
/afs/unity.ncsu.edu/users/s/ssingh21/synopsys_cache_I-2013.12-SP1/DW01/DW01_sub/rpl/5/NangateOpenCellLibrary_PDKv1_2_v2008_10_slow_nldm_3424_8167_4058/element.ddc
/afs/unity.ncsu.edu/users/s/ssingh21/synopsys_cache_I-2013.12-SP1/DW01/DW01_add/rpl/3/NangateOpenCellLibrary_PDKv1_2_v2008_10_slow_nldm_3424_8167_4058/element.ddc
/afs/unity.ncsu.edu/users/s/ssingh21/synopsys_cache_I-2013.12-SP1/DW01/DW01_incdec/rpl/3/NangateOpenCellLibrary_PDKv1_2_v2008_10_slow_nldm_3424_8167_4058/element.ddc
/afs/unity.ncsu.edu/users/s/ssingh21/synopsys_cache_I-2013.12-SP1/DW01/DW01_inc/rpl/3/NangateOpenCellLibrary_PDKv1_2_v2008_10_slow_nldm_3424/element.ddc
/afs/unity.ncsu.edu/users/s/ssingh21/synopsys_cache_I-2013.12-SP1/DW01/DW01_dec/rpl/5/NangateOpenCellLibrary_PDKv1_2_v2008_10_slow_nldm_3424/element.ddc
/afs/unity.ncsu.edu/users/s/ssingh21/synopsys_cache_I-2013.12-SP1/DW01/DW01_cmp6/rpl/3/NangateOpenCellLibrary_PDKv1_2_v2008_10_slow_nldm_3424/element.ddc
/afs/unity.ncsu.edu/users/s/ssingh21/synopsys_cache_I-2013.12-SP1/DW01/DW_cmp/pparch/4/NangateOpenCellLibrary_PDKv1_2_v2008_10_slow_nldm_3424_8167_4058/element.ddc
/afs/unity.ncsu.edu/users/s/ssingh21/synopsys_cache_I-2013.12-SP1/DW01/DW_cmp/apparch/4/NangateOpenCellLibrary_PDKv1_2_v2008_10_slow_nldm_3424_8167_4058/element.ddc
/afs/unity.ncsu.edu/users/s/ssingh21/synopsys_cache_I-2013.12-SP1/DW01/DW01_inc/rpl/2/NangateOpenCellLibrary_PDKv1_2_v2008_10_slow_nldm_3424_8167_4058/element.ddc
/afs/unity.ncsu.edu/users/s/ssingh21/synopsys_cache_I-2013.12-SP1/DW01/DW01_dec/rpl/4/NangateOpenCellLibrary_PDKv1_2_v2008_10_slow_nldm_3424_8167_4058/element.ddc
/afs/unity.ncsu.edu/users/s/ssingh21/synopsys_cache_I-2013.12-SP1/DW01/DW01_add/rpl/2/NangateOpenCellLibrary_PDKv1_2_v2008_10_slow_nldm_3424_8167_4058/element.ddc
/afs/unity.ncsu.edu/users/s/ssingh21/synopsys_cache_I-2013.12-SP1/DW01/DW01_cmp6/rpl/4/NangateOpenCellLibrary_PDKv1_2_v2008_10_slow_nldm_3424_8167_4058/element.ddc
/afs/unity.ncsu.edu/users/s/ssingh21/synopsys_cache_I-2013.12-SP1/DW01/DW01_cmp2/rpl/4/NangateOpenCellLibrary_PDKv1_2_v2008_10_slow_nldm_3424_8167_4058/element.ddc
/afs/unity.ncsu.edu/users/s/ssingh21/synopsys_cache_I-2013.12-SP1/DW01/DW01_incdec/rpl/4/NangateOpenCellLibrary_PDKv1_2_v2008_10_slow_nldm_3424_8167_4058/element.ddc
/afs/unity.ncsu.edu/users/s/ssingh21/synopsys_cache_I-2013.12-SP1/DW01/DW01_incdec/rpl/2/NangateOpenCellLibrary_PDKv1_2_v2008_10_slow_nldm_3424_8167_4058/element.ddc
/afs/unity.ncsu.edu/users/s/ssingh21/synopsys_cache_I-2013.12-SP1/DW01/DW01_addsub/rpl/2/NangateOpenCellLibrary_PDKv1_2_v2008_10_slow_nldm_3424_8167_4058/element.ddc
/afs/unity.ncsu.edu/users/s/ssingh21/synopsys_cache_I-2013.12-SP1/DW01/DW01_addsub/rpl/4/NangateOpenCellLibrary_PDKv1_2_v2008_10_slow_nldm_3424_8167_4058/element.ddc
/afs/unity.ncsu.edu/users/s/ssingh21/synopsys_cache_I-2013.12-SP1/DW01/DW01_sub/rpl/4/NangateOpenCellLibrary_PDKv1_2_v2008_10_slow_nldm_3424_8167_4058/element.ddc
/afs/unity.ncsu.edu/users/s/ssingh21/synopsys_cache_I-2013.12-SP1/DW01/DW01_dec/rpl/4/NangateOpenCellLibrary_PDKv1_2_v2008_10_slow_nldm_3424/element.ddc
/afs/unity.ncsu.edu/users/s/ssingh21/synopsys_cache_I-2013.12-SP1/DW01/DW01_addsub/rpl/2/NangateOpenCellLibrary_PDKv1_2_v2008_10_slow_nldm_3424/element.ddc
/afs/unity.ncsu.edu/users/s/ssingh21/synopsys_cache_I-2013.12-SP1/DW01/DW01_inc/rpl/2/NangateOpenCellLibrary_PDKv1_2_v2008_10_slow_nldm_3424/element.ddc
/afs/unity.ncsu.edu/users/s/ssingh21/synopsys_cache_I-2013.12-SP1/DW01/DW01_cmp2/rpl/4/NangateOpenCellLibrary_PDKv1_2_v2008_10_slow_nldm_3424/element.ddc
/afs/unity.ncsu.edu/users/s/ssingh21/synopsys_cache_I-2013.12-SP1/DW01/DW01_add/rpl/9/NangateOpenCellLibrary_PDKv1_2_v2008_10_slow_nldm_3424_8167_4058/element.ddc
/afs/unity.ncsu.edu/users/s/ssingh21/synopsys_cache_I-2013.12-SP1/DW01/DW01_add/rpl/9/NangateOpenCellLibrary_PDKv1_2_v2008_10_slow_nldm_3424/element.ddc
/afs/unity.ncsu.edu/users/s/ssingh21/synopsys_cache_I-2013.12-SP1/DW01/DW_cmp/pparch/5/NangateOpenCellLibrary_PDKv1_2_v2008_10_slow_nldm_3424_8167_4058/element.ddc
/afs/unity.ncsu.edu/users/s/ssingh21/synopsys_cache_I-2013.12-SP1/DW01/DW_cmp/apparch/5/NangateOpenCellLibrary_PDKv1_2_v2008_10_slow_nldm_3424_8167_4058/element.ddc
/afs/unity.ncsu.edu/users/s/ssingh21/synopsys_cache_I-2013.12-SP1/DW01/DW01_cmp6/rpl/5/NangateOpenCellLibrary_PDKv1_2_v2008_10_slow_nldm_3424_8167_4058/element.ddc
/afs/unity.ncsu.edu/users/s/ssingh21/synopsys_cache_I-2013.12-SP1/DW01/DW01_cmp2/rpl/5/NangateOpenCellLibrary_PDKv1_2_v2008_10_slow_nldm_3424_8167_4058/element.ddc
/afs/unity.ncsu.edu/users/s/ssingh21/synopsys_cache_I-2013.12-SP1/DW01/DW01_cmp2/rpl/5/NangateOpenCellLibrary_PDKv1_2_v2008_10_slow_nldm_3424/element.ddc
/afs/unity.ncsu.edu/users/s/ssingh21/synopsys_cache_I-2013.12-SP1/DW01/DW01_inc/rpl/8/NangateOpenCellLibrary_PDKv1_2_v2008_10_slow_nldm_3424_8167_4058/element.ddc
/afs/unity.ncsu.edu/users/s/ssingh21/synopsys_cache_I-2013.12-SP1/DW01/DW01_add/rpl/8/NangateOpenCellLibrary_PDKv1_2_v2008_10_slow_nldm_3424_8167_4058/element.ddc
/afs/unity.ncsu.edu/users/s/ssingh21/synopsys_cache_I-2013.12-SP1/DW01/DW01_incdec/rpl/8/NangateOpenCellLibrary_PDKv1_2_v2008_10_slow_nldm_3424_8167_4058/element.ddc
/afs/unity.ncsu.edu/users/s/ssingh21/synopsys_cache_I-2013.12-SP1/DW01/DW01_inc/rpl/8/NangateOpenCellLibrary_PDKv1_2_v2008_10_slow_nldm_3424/element.ddc
/afs/unity.ncsu.edu/users/s/ssingh21/synopsys_cache_I-2013.12-SP1/DW01/DW01_inc/rpl/9/NangateOpenCellLibrary_PDKv1_2_v2008_10_slow_nldm_3424_8167_4058/element.ddc
/afs/unity.ncsu.edu/users/s/ssingh21/synopsys_cache_I-2013.12-SP1/DW02/DW_mult_uns/pparch/3/1/NangateOpenCellLibrary_PDKv1_2_v2008_10_slow_nldm_3424_8167_4058/element.ddc
/afs/unity.ncsu.edu/users/s/ssingh21/synopsys_cache_I-2013.12-SP1/DW02/DW_mult_uns/apparch/3/1/NangateOpenCellLibrary_PDKv1_2_v2008_10_slow_nldm_3424_8167_4058/element.ddc
/afs/unity.ncsu.edu/users/s/ssingh21/synopsys_cache_I-2013.12-SP1/DW02/DW02_mult/csa/3/1/NangateOpenCellLibrary_PDKv1_2_v2008_10_slow_nldm_3424_8167_4058/element.ddc
/afs/unity.ncsu.edu/users/s/ssingh21/synopsys_cache_I-2013.12-SP1/DW02/DW02_mult/csa/1/3/NangateOpenCellLibrary_PDKv1_2_v2008_10_slow_nldm_3424_8167_4058/element.ddc
/afs/unity.ncsu.edu/users/s/ssingh21/synopsys_cache_I-2013.12-SP1/DW02/DW02_mult/apparch/3/1/NangateOpenCellLibrary_PDKv1_2_v2008_10_slow_nldm_3424_8167_4058/element.ddc
/afs/unity.ncsu.edu/users/s/ssingh21/synopsys_cache_I-2013.12-SP1/DW02/DW02_mult/apparch/1/3/NangateOpenCellLibrary_PDKv1_2_v2008_10_slow_nldm_3424_8167_4058/element.ddc
/afs/unity.ncsu.edu/users/s/ssingh21/synopsys_cache_I-2013.12-SP1/DW02/DW_mult_uns/pparch/1/3/NangateOpenCellLibrary_PDKv1_2_v2008_10_slow_nldm_3424_8167_4058/element.ddc
/afs/unity.ncsu.edu/users/s/ssingh21/synopsys_cache_I-2013.12-SP1/DW02/DW_mult_uns/apparch/1/3/NangateOpenCellLibrary_PDKv1_2_v2008_10_slow_nldm_3424_8167_4058/element.ddc
/afs/unity.ncsu.edu/users/s/ssingh21/synopsys_cache_I-2013.12-SP1/DW02/DW_mult_uns/apparch/3/1/NangateOpenCellLibrary_PDKv1_2_v2008_10_slow_nldm_3424/8167_4058/mapped.ddc
/afs/unity.ncsu.edu/users/s/ssingh21/synopsys_cache_I-2013.12-SP1/DW01/DW01_inc/rpl/9/NangateOpenCellLibrary_PDKv1_2_v2008_10_slow_nldm_3424/element.ddc
/afs/unity.ncsu.edu/users/s/ssingh21/synopsys_cache_I-2013.12-SP1/DW01/DW_cmp/apparch/3/NangateOpenCellLibrary_PDKv1_2_v2008_10_slow_nldm_3424/8167_4058/mapped.ddc
/afs/unity.ncsu.edu/users/s/ssingh21/temp_proj/Comp1/fake_runv_final/Synth/top_7.v
/afs/unity.ncsu.edu/users/s/ssingh21/temp_proj/Comp1/fake_runv_final/Synth/top_7.v
/afs/unity.ncsu.edu/users/s/ssingh21/temp_proj/Comp1/fake_runv_final/Synth/top_7.v
/afs/unity.ncsu.edu/users/s/ssingh21/temp_proj/Comp1/fake_runv_final/Synth/top_7.v
/afs/unity.ncsu.edu/users/s/ssingh21/temp_proj/Comp1/fake_runv_final/Synth/setup.tcl
/afs/unity.ncsu.edu/users/s/ssingh21/temp_proj/Comp1/fake_runv_final/Synth/read.tcl
/afs/unity.ncsu.edu/users/s/ssingh21/temp_proj/Comp1/fake_runv_final/Synth/MainArbiter_1.v
/afs/unity.ncsu.edu/users/s/ssingh21/temp_proj/Comp1/fake_runv_final/Synth/MainArbiter_1.v
/afs/unity.ncsu.edu/users/s/ssingh21/temp_proj/Comp1/fake_runv_final/Synth/update_1.v
/afs/unity.ncsu.edu/users/s/ssingh21/temp_proj/Comp1/fake_runv_final/Synth/update_1.v
/afs/unity.ncsu.edu/users/s/ssingh21/temp_proj/Comp1/fake_runv_final/Synth/update_2.v
/afs/unity.ncsu.edu/users/s/ssingh21/temp_proj/Comp1/fake_runv_final/Synth/update_2.v
/afs/unity.ncsu.edu/users/s/ssingh21/temp_proj/Comp1/fake_runv_final/Synth/update_3.v
/afs/unity.ncsu.edu/users/s/ssingh21/temp_proj/Comp1/fake_runv_final/Synth/update_3.v
/afs/unity.ncsu.edu/users/s/ssingh21/temp_proj/Comp1/fake_runv_final/Synth/update_3_1_3.v
/afs/unity.ncsu.edu/users/s/ssingh21/temp_proj/Comp1/fake_runv_final/Synth/update_3_1_3.v
/afs/unity.ncsu.edu/users/s/ssingh21/temp_proj/Comp1/fake_runv_final/Synth/arithController_1.v
/afs/unity.ncsu.edu/users/s/ssingh21/temp_proj/Comp1/fake_runv_final/Synth/arithController_1.v
/afs/unity.ncsu.edu/users/s/ssingh21/temp_proj/Comp1/fake_runv_final/Synth/pad_3.v
/afs/unity.ncsu.edu/users/s/ssingh21/temp_proj/Comp1/fake_runv_final/Synth/pad_3.v
/afs/unity.ncsu.edu/users/s/ssingh21/temp_proj/Comp1/fake_runv_final/Synth/decoder.v
/afs/unity.ncsu.edu/users/s/ssingh21/temp_proj/Comp1/fake_runv_final/Synth/decoder.v
/afs/unity.ncsu.edu/users/s/ssingh21/temp_proj/Comp1/fake_runv_final/Synth/EOF_reg.v
/afs/unity.ncsu.edu/users/s/ssingh21/temp_proj/Comp1/fake_runv_final/Synth/EOF_reg.v
/afs/unity.ncsu.edu/users/s/ssingh21/temp_proj/Comp1/fake_runv_final/Synth/Isched_2.v
/afs/unity.ncsu.edu/users/s/ssingh21/temp_proj/Comp1/fake_runv_final/Synth/Isched_2.v
/afs/unity.ncsu.edu/users/s/ssingh21/temp_proj/Comp1/fake_runv_final/Synth/selector.v
/afs/unity.ncsu.edu/users/s/ssingh21/temp_proj/Comp1/fake_runv_final/Synth/selector.v
/afs/unity.ncsu.edu/users/s/ssingh21/temp_proj/Comp1/fake_runv_final/Synth/sync.v
/afs/unity.ncsu.edu/users/s/ssingh21/temp_proj/Comp1/fake_runv_final/Synth/sync.v
/afs/unity.ncsu.edu/users/s/ssingh21/temp_proj/Comp1/fake_runv_final/Synth/syncAccum.v
/afs/unity.ncsu.edu/users/s/ssingh21/temp_proj/Comp1/fake_runv_final/Synth/syncAccum.v
/afs/unity.ncsu.edu/users/s/ssingh21/temp_proj/Comp1/fake_runv_final/Synth/syncDiv.v
/afs/unity.ncsu.edu/users/s/ssingh21/temp_proj/Comp1/fake_runv_final/Synth/syncDiv.v
/afs/unity.ncsu.edu/users/s/ssingh21/temp_proj/Comp1/fake_runv_final/Synth/syncMult.v
/afs/unity.ncsu.edu/users/s/ssingh21/temp_proj/Comp1/fake_runv_final/Synth/syncMult.v
/afs/unity.ncsu.edu/users/s/ssingh21/temp_proj/Comp1/fake_runv_final/Synth/tester_2.v
/afs/unity.ncsu.edu/users/s/ssingh21/temp_proj/Comp1/fake_runv_final/Synth/tester_2.v
/afs/unity.ncsu.edu/users/s/ssingh21/temp_proj/Comp1/fake_runv_final/Synth/v_arbiter.v
/afs/unity.ncsu.edu/users/s/ssingh21/temp_proj/Comp1/fake_runv_final/Synth/v_arbiter.v
/afs/unity.ncsu.edu/users/s/ssingh21/temp_proj/Comp1/fake_runv_final/Synth/v_sched.v
/afs/unity.ncsu.edu/users/s/ssingh21/temp_proj/Comp1/fake_runv_final/Synth/v_sched.v
/afs/unity.ncsu.edu/users/s/ssingh21/temp_proj/Comp1/fake_runv_final/Synth/write_enable.v
/afs/unity.ncsu.edu/users/s/ssingh21/temp_proj/Comp1/fake_runv_final/Synth/write_enable.v
/afs/unity.ncsu.edu/users/s/ssingh21/temp_proj/Comp1/fake_runv_final/Synth/y_arbiter.v
/afs/unity.ncsu.edu/users/s/ssingh21/temp_proj/Comp1/fake_runv_final/Synth/y_arbiter.v
/afs/unity.ncsu.edu/users/s/ssingh21/temp_proj/Comp1/fake_runv_final/Synth/Constraints.tcl
/afs/unity.ncsu.edu/users/s/ssingh21/synopsys_cache_I-2013.12-SP1/DW01/DW01_MUX/str/NangateOpenCellLibrary_PDKv1_2_v2008_10_slow_nldm_3424_8167_4058/element.ddc
/afs/unity.ncsu.edu/users/s/ssingh21/synopsys_cache_I-2013.12-SP1/DW01/DW01_mmux/str/2/NangateOpenCellLibrary_PDKv1_2_v2008_10_slow_nldm_3424_8167_4058/element.ddc
/afs/unity.ncsu.edu/users/s/ssingh21/synopsys_cache_I-2013.12-SP1/DW01/DW01_mmux/str/3/NangateOpenCellLibrary_PDKv1_2_v2008_10_slow_nldm_3424_8167_4058/element.ddc
/afs/unity.ncsu.edu/users/s/ssingh21/synopsys_cache_I-2013.12-SP1/DW01/DW01_mmux/str/4/NangateOpenCellLibrary_PDKv1_2_v2008_10_slow_nldm_3424_8167_4058/element.ddc
/afs/unity.ncsu.edu/users/s/ssingh21/synopsys_cache_I-2013.12-SP1/DW01/DW01_mmux/str/5/NangateOpenCellLibrary_PDKv1_2_v2008_10_slow_nldm_3424_8167_4058/element.ddc
/afs/unity.ncsu.edu/users/s/ssingh21/synopsys_cache_I-2013.12-SP1/DW01/DW01_inc/rpl/11/NangateOpenCellLibrary_PDKv1_2_v2008_10_slow_nldm_3424_8167_4058/element.ddc
/afs/unity.ncsu.edu/users/s/ssingh21/synopsys_cache_I-2013.12-SP1/DW01/DW01_NOT/str/NangateOpenCellLibrary_PDKv1_2_v2008_10_slow_nldm_3424_8167_4058/element.ddc
/afs/unity.ncsu.edu/users/s/ssingh21/synopsys_cache_I-2013.12-SP1/DW01/DW01_add/rpl/11/NangateOpenCellLibrary_PDKv1_2_v2008_10_slow_nldm_3424_8167_4058/element.ddc
/afs/unity.ncsu.edu/users/s/ssingh21/synopsys_cache_I-2013.12-SP1/DW01/DW01_incdec/rpl/11/NangateOpenCellLibrary_PDKv1_2_v2008_10_slow_nldm_3424_8167_4058/element.ddc
/afs/unity.ncsu.edu/users/s/ssingh21/synopsys_cache_I-2013.12-SP1/DW01/DW01_inc/rpl/11/NangateOpenCellLibrary_PDKv1_2_v2008_10_slow_nldm_3424/element.ddc
/afs/unity.ncsu.edu/users/s/ssingh21/synopsys_cache_I-2013.12-SP1/DW01/DW_cmp/pparch/8/NangateOpenCellLibrary_PDKv1_2_v2008_10_slow_nldm_3424_8167_4058/element.ddc
/afs/unity.ncsu.edu/users/s/ssingh21/synopsys_cache_I-2013.12-SP1/DW01/DW_cmp/apparch/8/NangateOpenCellLibrary_PDKv1_2_v2008_10_slow_nldm_3424_8167_4058/element.ddc
/afs/unity.ncsu.edu/users/s/ssingh21/synopsys_cache_I-2013.12-SP1/DW01/DW01_cmp6/rpl/8/NangateOpenCellLibrary_PDKv1_2_v2008_10_slow_nldm_3424_8167_4058/element.ddc
/afs/unity.ncsu.edu/users/s/ssingh21/synopsys_cache_I-2013.12-SP1/DW01/DW_cmp/pparch/16/NangateOpenCellLibrary_PDKv1_2_v2008_10_slow_nldm_3424_8167_4058/element.ddc
/afs/unity.ncsu.edu/users/s/ssingh21/synopsys_cache_I-2013.12-SP1/DW01/DW_cmp/apparch/16/NangateOpenCellLibrary_PDKv1_2_v2008_10_slow_nldm_3424_8167_4058/element.ddc
/afs/unity.ncsu.edu/users/s/ssingh21/synopsys_cache_I-2013.12-SP1/DW01/DW01_cmp6/rpl/16/NangateOpenCellLibrary_PDKv1_2_v2008_10_slow_nldm_3424_8167_4058/element.ddc
/afs/unity.ncsu.edu/users/s/ssingh21/synopsys_cache_I-2013.12-SP1/DW01/DW01_inc/rpl/5/NangateOpenCellLibrary_PDKv1_2_v2008_10_slow_nldm_3424_8167_4058/element.ddc
/afs/unity.ncsu.edu/users/s/ssingh21/synopsys_cache_I-2013.12-SP1/DW01/DW01_add/rpl/5/NangateOpenCellLibrary_PDKv1_2_v2008_10_slow_nldm_3424_8167_4058/element.ddc
/afs/unity.ncsu.edu/users/s/ssingh21/synopsys_cache_I-2013.12-SP1/DW01/DW01_incdec/rpl/5/NangateOpenCellLibrary_PDKv1_2_v2008_10_slow_nldm_3424_8167_4058/element.ddc
/afs/unity.ncsu.edu/users/s/ssingh21/synopsys_cache_I-2013.12-SP1/DW01/DW01_inc/rpl/5/NangateOpenCellLibrary_PDKv1_2_v2008_10_slow_nldm_3424/element.ddc
/afs/unity.ncsu.edu/users/s/ssingh21/synopsys_cache_I-2013.12-SP1/DW01/DW_cmp/pparch/6/NangateOpenCellLibrary_PDKv1_2_v2008_10_slow_nldm_3424_8167_4058/element.ddc
/afs/unity.ncsu.edu/users/s/ssingh21/synopsys_cache_I-2013.12-SP1/DW01/DW_cmp/apparch/6/NangateOpenCellLibrary_PDKv1_2_v2008_10_slow_nldm_3424_8167_4058/element.ddc
/afs/unity.ncsu.edu/users/s/ssingh21/synopsys_cache_I-2013.12-SP1/DW01/DW01_inc/rpl/6/NangateOpenCellLibrary_PDKv1_2_v2008_10_slow_nldm_3424_8167_4058/element.ddc
/afs/unity.ncsu.edu/users/s/ssingh21/synopsys_cache_I-2013.12-SP1/DW01/DW01_cmp6/rpl/6/NangateOpenCellLibrary_PDKv1_2_v2008_10_slow_nldm_3424_8167_4058/element.ddc
/afs/unity.ncsu.edu/users/s/ssingh21/synopsys_cache_I-2013.12-SP1/DW01/DW01_cmp2/rpl/6/NangateOpenCellLibrary_PDKv1_2_v2008_10_slow_nldm_3424_8167_4058/element.ddc
/afs/unity.ncsu.edu/users/s/ssingh21/synopsys_cache_I-2013.12-SP1/DW01/DW01_add/rpl/6/NangateOpenCellLibrary_PDKv1_2_v2008_10_slow_nldm_3424_8167_4058/element.ddc
/afs/unity.ncsu.edu/users/s/ssingh21/synopsys_cache_I-2013.12-SP1/DW01/DW01_incdec/rpl/6/NangateOpenCellLibrary_PDKv1_2_v2008_10_slow_nldm_3424_8167_4058/element.ddc
/afs/unity.ncsu.edu/users/s/ssingh21/synopsys_cache_I-2013.12-SP1/DW01/DW01_inc/rpl/6/NangateOpenCellLibrary_PDKv1_2_v2008_10_slow_nldm_3424/element.ddc
/afs/unity.ncsu.edu/users/s/ssingh21/synopsys_cache_I-2013.12-SP1/DW01/DW01_cmp2/rpl/6/NangateOpenCellLibrary_PDKv1_2_v2008_10_slow_nldm_3424/element.ddc
/afs/unity.ncsu.edu/users/s/ssingh21/synopsys_cache_I-2013.12-SP1/DW01/DW01_inc/rpl/3/NangateOpenCellLibrary_PDKv1_2_v2008_10_slow_nldm_3424_8167_4058/element.ddc
/afs/unity.ncsu.edu/users/s/ssingh21/synopsys_cache_I-2013.12-SP1/DW01/DW01_dec/rpl/5/NangateOpenCellLibrary_PDKv1_2_v2008_10_slow_nldm_3424_8167_4058/element.ddc
/afs/unity.ncsu.edu/users/s/ssingh21/synopsys_cache_I-2013.12-SP1/DW01/DW_cmp/pparch/3/NangateOpenCellLibrary_PDKv1_2_v2008_10_slow_nldm_3424_8167_4058/element.ddc
/afs/unity.ncsu.edu/users/s/ssingh21/synopsys_cache_I-2013.12-SP1/DW01/DW_cmp/apparch/3/NangateOpenCellLibrary_PDKv1_2_v2008_10_slow_nldm_3424_8167_4058/element.ddc
/afs/unity.ncsu.edu/users/s/ssingh21/synopsys_cache_I-2013.12-SP1/DW01/DW01_cmp6/rpl/3/NangateOpenCellLibrary_PDKv1_2_v2008_10_slow_nldm_3424_8167_4058/element.ddc
/afs/unity.ncsu.edu/users/s/ssingh21/synopsys_cache_I-2013.12-SP1/DW01/DW01_sub/rpl/5/NangateOpenCellLibrary_PDKv1_2_v2008_10_slow_nldm_3424_8167_4058/element.ddc
/afs/unity.ncsu.edu/users/s/ssingh21/synopsys_cache_I-2013.12-SP1/DW01/DW01_add/rpl/3/NangateOpenCellLibrary_PDKv1_2_v2008_10_slow_nldm_3424_8167_4058/element.ddc
/afs/unity.ncsu.edu/users/s/ssingh21/synopsys_cache_I-2013.12-SP1/DW01/DW01_incdec/rpl/3/NangateOpenCellLibrary_PDKv1_2_v2008_10_slow_nldm_3424_8167_4058/element.ddc
/afs/unity.ncsu.edu/users/s/ssingh21/synopsys_cache_I-2013.12-SP1/DW01/DW01_inc/rpl/3/NangateOpenCellLibrary_PDKv1_2_v2008_10_slow_nldm_3424/element.ddc
/afs/unity.ncsu.edu/users/s/ssingh21/synopsys_cache_I-2013.12-SP1/DW01/DW01_dec/rpl/5/NangateOpenCellLibrary_PDKv1_2_v2008_10_slow_nldm_3424/element.ddc
/afs/unity.ncsu.edu/users/s/ssingh21/synopsys_cache_I-2013.12-SP1/DW01/DW01_cmp6/rpl/3/NangateOpenCellLibrary_PDKv1_2_v2008_10_slow_nldm_3424/element.ddc
/afs/unity.ncsu.edu/users/s/ssingh21/synopsys_cache_I-2013.12-SP1/DW01/DW_cmp/pparch/4/NangateOpenCellLibrary_PDKv1_2_v2008_10_slow_nldm_3424_8167_4058/element.ddc
/afs/unity.ncsu.edu/users/s/ssingh21/synopsys_cache_I-2013.12-SP1/DW01/DW_cmp/apparch/4/NangateOpenCellLibrary_PDKv1_2_v2008_10_slow_nldm_3424_8167_4058/element.ddc
/afs/unity.ncsu.edu/users/s/ssingh21/synopsys_cache_I-2013.12-SP1/DW01/DW01_inc/rpl/2/NangateOpenCellLibrary_PDKv1_2_v2008_10_slow_nldm_3424_8167_4058/element.ddc
/afs/unity.ncsu.edu/users/s/ssingh21/synopsys_cache_I-2013.12-SP1/DW01/DW01_dec/rpl/4/NangateOpenCellLibrary_PDKv1_2_v2008_10_slow_nldm_3424_8167_4058/element.ddc
/afs/unity.ncsu.edu/users/s/ssingh21/synopsys_cache_I-2013.12-SP1/DW01/DW01_add/rpl/2/NangateOpenCellLibrary_PDKv1_2_v2008_10_slow_nldm_3424_8167_4058/element.ddc
/afs/unity.ncsu.edu/users/s/ssingh21/synopsys_cache_I-2013.12-SP1/DW01/DW01_cmp6/rpl/4/NangateOpenCellLibrary_PDKv1_2_v2008_10_slow_nldm_3424_8167_4058/element.ddc
/afs/unity.ncsu.edu/users/s/ssingh21/synopsys_cache_I-2013.12-SP1/DW01/DW01_cmp2/rpl/4/NangateOpenCellLibrary_PDKv1_2_v2008_10_slow_nldm_3424_8167_4058/element.ddc
/afs/unity.ncsu.edu/users/s/ssingh21/synopsys_cache_I-2013.12-SP1/DW01/DW01_incdec/rpl/4/NangateOpenCellLibrary_PDKv1_2_v2008_10_slow_nldm_3424_8167_4058/element.ddc
/afs/unity.ncsu.edu/users/s/ssingh21/synopsys_cache_I-2013.12-SP1/DW01/DW01_incdec/rpl/2/NangateOpenCellLibrary_PDKv1_2_v2008_10_slow_nldm_3424_8167_4058/element.ddc
/afs/unity.ncsu.edu/users/s/ssingh21/synopsys_cache_I-2013.12-SP1/DW01/DW01_addsub/rpl/2/NangateOpenCellLibrary_PDKv1_2_v2008_10_slow_nldm_3424_8167_4058/element.ddc
/afs/unity.ncsu.edu/users/s/ssingh21/synopsys_cache_I-2013.12-SP1/DW01/DW01_addsub/rpl/4/NangateOpenCellLibrary_PDKv1_2_v2008_10_slow_nldm_3424_8167_4058/element.ddc
/afs/unity.ncsu.edu/users/s/ssingh21/synopsys_cache_I-2013.12-SP1/DW01/DW01_sub/rpl/4/NangateOpenCellLibrary_PDKv1_2_v2008_10_slow_nldm_3424_8167_4058/element.ddc
/afs/unity.ncsu.edu/users/s/ssingh21/synopsys_cache_I-2013.12-SP1/DW01/DW01_dec/rpl/4/NangateOpenCellLibrary_PDKv1_2_v2008_10_slow_nldm_3424/element.ddc
/afs/unity.ncsu.edu/users/s/ssingh21/synopsys_cache_I-2013.12-SP1/DW01/DW01_addsub/rpl/2/NangateOpenCellLibrary_PDKv1_2_v2008_10_slow_nldm_3424/element.ddc
/afs/unity.ncsu.edu/users/s/ssingh21/synopsys_cache_I-2013.12-SP1/DW01/DW01_inc/rpl/2/NangateOpenCellLibrary_PDKv1_2_v2008_10_slow_nldm_3424/element.ddc
/afs/unity.ncsu.edu/users/s/ssingh21/synopsys_cache_I-2013.12-SP1/DW01/DW01_cmp2/rpl/4/NangateOpenCellLibrary_PDKv1_2_v2008_10_slow_nldm_3424/element.ddc
/afs/unity.ncsu.edu/users/s/ssingh21/synopsys_cache_I-2013.12-SP1/DW01/DW01_add/rpl/9/NangateOpenCellLibrary_PDKv1_2_v2008_10_slow_nldm_3424_8167_4058/element.ddc
/afs/unity.ncsu.edu/users/s/ssingh21/synopsys_cache_I-2013.12-SP1/DW01/DW01_add/rpl/9/NangateOpenCellLibrary_PDKv1_2_v2008_10_slow_nldm_3424/element.ddc
/afs/unity.ncsu.edu/users/s/ssingh21/synopsys_cache_I-2013.12-SP1/DW01/DW_cmp/pparch/5/NangateOpenCellLibrary_PDKv1_2_v2008_10_slow_nldm_3424_8167_4058/element.ddc
/afs/unity.ncsu.edu/users/s/ssingh21/synopsys_cache_I-2013.12-SP1/DW01/DW_cmp/apparch/5/NangateOpenCellLibrary_PDKv1_2_v2008_10_slow_nldm_3424_8167_4058/element.ddc
/afs/unity.ncsu.edu/users/s/ssingh21/synopsys_cache_I-2013.12-SP1/DW01/DW01_cmp6/rpl/5/NangateOpenCellLibrary_PDKv1_2_v2008_10_slow_nldm_3424_8167_4058/element.ddc
/afs/unity.ncsu.edu/users/s/ssingh21/synopsys_cache_I-2013.12-SP1/DW01/DW01_cmp2/rpl/5/NangateOpenCellLibrary_PDKv1_2_v2008_10_slow_nldm_3424_8167_4058/element.ddc
/afs/unity.ncsu.edu/users/s/ssingh21/synopsys_cache_I-2013.12-SP1/DW01/DW01_cmp2/rpl/5/NangateOpenCellLibrary_PDKv1_2_v2008_10_slow_nldm_3424/element.ddc
/afs/unity.ncsu.edu/users/s/ssingh21/synopsys_cache_I-2013.12-SP1/DW01/DW01_inc/rpl/8/NangateOpenCellLibrary_PDKv1_2_v2008_10_slow_nldm_3424_8167_4058/element.ddc
/afs/unity.ncsu.edu/users/s/ssingh21/synopsys_cache_I-2013.12-SP1/DW01/DW01_add/rpl/8/NangateOpenCellLibrary_PDKv1_2_v2008_10_slow_nldm_3424_8167_4058/element.ddc
/afs/unity.ncsu.edu/users/s/ssingh21/synopsys_cache_I-2013.12-SP1/DW01/DW01_incdec/rpl/8/NangateOpenCellLibrary_PDKv1_2_v2008_10_slow_nldm_3424_8167_4058/element.ddc
/afs/unity.ncsu.edu/users/s/ssingh21/synopsys_cache_I-2013.12-SP1/DW01/DW01_inc/rpl/8/NangateOpenCellLibrary_PDKv1_2_v2008_10_slow_nldm_3424/element.ddc
/afs/unity.ncsu.edu/users/s/ssingh21/synopsys_cache_I-2013.12-SP1/DW01/DW01_inc/rpl/9/NangateOpenCellLibrary_PDKv1_2_v2008_10_slow_nldm_3424_8167_4058/element.ddc
/afs/unity.ncsu.edu/users/s/ssingh21/synopsys_cache_I-2013.12-SP1/DW02/DW_mult_uns/pparch/3/1/NangateOpenCellLibrary_PDKv1_2_v2008_10_slow_nldm_3424_8167_4058/element.ddc
/afs/unity.ncsu.edu/users/s/ssingh21/synopsys_cache_I-2013.12-SP1/DW02/DW_mult_uns/apparch/3/1/NangateOpenCellLibrary_PDKv1_2_v2008_10_slow_nldm_3424_8167_4058/element.ddc
/afs/unity.ncsu.edu/users/s/ssingh21/synopsys_cache_I-2013.12-SP1/DW02/DW02_mult/csa/3/1/NangateOpenCellLibrary_PDKv1_2_v2008_10_slow_nldm_3424_8167_4058/element.ddc
/afs/unity.ncsu.edu/users/s/ssingh21/synopsys_cache_I-2013.12-SP1/DW02/DW02_mult/csa/1/3/NangateOpenCellLibrary_PDKv1_2_v2008_10_slow_nldm_3424_8167_4058/element.ddc
/afs/unity.ncsu.edu/users/s/ssingh21/synopsys_cache_I-2013.12-SP1/DW02/DW02_mult/apparch/3/1/NangateOpenCellLibrary_PDKv1_2_v2008_10_slow_nldm_3424_8167_4058/element.ddc
/afs/unity.ncsu.edu/users/s/ssingh21/synopsys_cache_I-2013.12-SP1/DW02/DW02_mult/apparch/1/3/NangateOpenCellLibrary_PDKv1_2_v2008_10_slow_nldm_3424_8167_4058/element.ddc
/afs/unity.ncsu.edu/users/s/ssingh21/synopsys_cache_I-2013.12-SP1/DW02/DW_mult_uns/pparch/1/3/NangateOpenCellLibrary_PDKv1_2_v2008_10_slow_nldm_3424_8167_4058/element.ddc
/afs/unity.ncsu.edu/users/s/ssingh21/synopsys_cache_I-2013.12-SP1/DW02/DW_mult_uns/apparch/1/3/NangateOpenCellLibrary_PDKv1_2_v2008_10_slow_nldm_3424_8167_4058/element.ddc
/afs/unity.ncsu.edu/users/s/ssingh21/synopsys_cache_I-2013.12-SP1/DW02/DW_mult_uns/apparch/3/1/NangateOpenCellLibrary_PDKv1_2_v2008_10_slow_nldm_3424/8167_4058/mapped.ddc
/afs/unity.ncsu.edu/users/s/ssingh21/synopsys_cache_I-2013.12-SP1/DW01/DW01_inc/rpl/9/NangateOpenCellLibrary_PDKv1_2_v2008_10_slow_nldm_3424/element.ddc
/afs/unity.ncsu.edu/users/s/ssingh21/synopsys_cache_I-2013.12-SP1/DW01/DW_cmp/apparch/3/NangateOpenCellLibrary_PDKv1_2_v2008_10_slow_nldm_3424/8167_4058/mapped.ddc
/afs/unity.ncsu.edu/users/s/ssingh21/temp_proj/Comp1/fake_runv_final/Synth/CompileAnalyze.tcl
/afs/unity.ncsu.edu/users/s/ssingh21/synopsys_cache_I-2013.12-SP1/DW01/DW01_inc/rpl/5/NangateOpenCellLibrary_PDKv1_2_v2008_10_slow_nldm_3424/element.ddc
/afs/eos.ncsu.edu/lockers/research/ece/wdavis/tech/nangate/NangateOpenCellLibrary_PDKv1_2_v2008_10/liberty/520/NangateOpenCellLibrary_PDKv1_2_v2008_10_slow_nldm.db
/afs/eos.ncsu.edu/lockers/research/ece/wdavis/tech/nangate/NangateOpenCellLibrary_PDKv1_2_v2008_10/liberty/520/NangateOpenCellLibrary_PDKv1_2_v2008_10_fast_nldm.db
/afs/eos.ncsu.edu/lockers/research/ece/wdavis/tech/nangate/NangateOpenCellLibrary_PDKv1_2_v2008_10/liberty/520/NangateOpenCellLibrary_PDKv1_2_v2008_10_slow_nldm.db
/afs/eos.ncsu.edu/lockers/research/ece/wdavis/tech/nangate/NangateOpenCellLibrary_PDKv1_2_v2008_10/liberty/520/NangateOpenCellLibrary_PDKv1_2_v2008_10_fast_nldm.db
